---- OUTPUT (stdout) ----
		Connecting to server on port 9001...
Connected to server on port 9001
2
0
0
0
0
0
2
-1
0
1
1
0
0
0
1
0
0
2
1
-1
2
0
0
0
0
0
2
-1
0
1
1
0
0
0
1
0
0
2
1
-1
2
0
0
0
0
0
2
-1
0
1
1
0
0
0
1
0
0
2
1
0
1
0
0
0
0
0
1
0
0
1
1
0
0
0
1
0
0
3
1
0
1
0
0
0
0
0
1
0
0
1
1
0
0
0
1
0
0
1
1
0
1
2
0
0
0
0
1
0
-2
1
1
0
0
0
1
0
0
1
1
0
1
6
0
0
0
0
1
0
-6
1
2
2
2
0
1
0
2
1
1
2
3
9
0
0
-1
0
2
0
-9
2
5
5
6
0
3
2
6
1
4
6
5
8
1
1
-5
1
4
1
-10
4
7
7
8
1
5
4
8
1
6
8
5
5
1
1
-8
1
4
1
-10
4
5
5
5
1
5
4
5
1
5
5
2
2
1
1
-13
1
2
1
-13
2
2
2
2
1
2
2
2
1
2
2
2
2
2
2
-16
2
2
2
-16
2
2
2
2
2
2
2
2
2
2
2
0
0
0
0
-17
0
0
0
-16
0
0
0
0
0
0
0
0
0
0
0
0
0
0
0
-19
0
0
0
-16
0
0
0
0
0
0
0
0
0
0
0
0
0
0
0
-22
0
0
0
-15
0
0
0
0
0
0
0
0
0
0
0
0
2
0
0
-25
0
0
0
-13
0
0
0
0
0
0
0
0
0
0
0
0
6
0
0
-28
0
0
0
-11
0
0
0
2
0
0
0
2
0
0
2
0
10
0
0
-31
0
0
0
-11
0
0
0
6
0
0
0
6
0
0
6
0
14
0
0
-34
0
0
0
-11
0
0
0
10
0
0
0
10
0
0
10
0
18
0
0
-37
0
0
0
-12
0
-2
-2
14
0
0
0
14
0
-1
14
-2
20
0
0
-39
0
-2
0
-14
-2
-5
-5
18
0
-2
-2
18
0
-4
18
-3
22
0
0
-40
0
-3
0
-16
-3
-6
-6
20
0
-3
-3
20
0
-5
20
-6
26
0
0
-43
0
-6
0
-15
-6
-9
-9
24
0
-6
-6
24
0
-8
24
-9
28
0
-46
0
-9
0
-16
-9
-10
-10
26
0
-9
-9
26
-10
26
-10
30
0
-49
-10
0
-18
-10
-11
-11
28
-10
-10
28
-11
28
-11
32
-52
-11
-20
-11
-12
-12
30
-11
-11
30
-12
30
-7
37
-50
-7
-17
-7
-8
-8
35
-7
-7
35
-8
35
-4
42
-48
-4
-16
-4
-5
-5
40
-4
-4
40
-5
40
-2
49
-45
-2
-15
-2
-4
-4
47
-2
-2
47
-4
47
0
54
-41
0
-13
0
-1
-1
52
0
52
-1
52
0
54
-41
-15
52
-1
-1
52
-1
52
56
-41
-15
56
-1
-1
56
-1
56
59
-40
-15
59
0
0
59
0
59
59
-40
-15
59
0
0
59
0
59
59
-40
-15
59
0
0
59
0
59
59
-40
-16
59
0
0
59
0
59
59
-40
-20
59
0
0
59
0
59
58
-41
-25
58
58
58
55
-37
-25
55
55
55
52
-34
-26
52
52
52
51
-33
-27
51
51
51
50
-31
-28
50
50
50
48
-29
-24
48
48
48
45
-27
-20
45
45
45
41
-24
-15
41
41
41
40
-21
-10
40
40
40
39
-19
-10
39
39
39
37
-16
-7
37
37
37
34
-15
-2
34
34
34
31
-10
-1
31
31
31
30
-5
0
30
30
30
25
-2
0
25
25
25
20
-1
0
20
20
20
16
0
0
16
16
16
13
0
0
13
13
13
11
0
0
11
11
11
6
0
6
6
6
0
0
-1
0

Your bot had no errors.

Finished game on turn 121 with 0 humans and 25 zombies.
Score: 121-179 (H-Z). You were the humans.

		---- ERRORS (stderr) ----
		
		