---- OUTPUT (stdout) ----
		Loading map...
Connecting clients...
Running game...
Game finished on turn 49 with 0 humans and 25 zombies, 49-251 (H-Z)
Writing to `gamelog.json`...
Finished

		---- ERRORS (stderr) ----
		Failed to connect to port 9001, java.net.SocketTimeoutException: Accept timed out
An error occurred handling input of human player on turn 0 during CHOOSE_CLASSES phase:
java.lang.RuntimeException: Received null, expected a proper response
An error occurred handling input of human player on turn 2 during MOVE phase:
java.lang.RuntimeException: Received null, expected a proper response
An error occurred handling input of human player on turn 2 during ATTACK phase:
java.lang.RuntimeException: Received null, expected a proper response
An error occurred handling input of human player on turn 2 during ABILITY phase:
java.lang.RuntimeException: Received null, expected a proper response
An error occurred handling input of human player on turn 4 during MOVE phase:
java.lang.RuntimeException: Received null, expected a proper response
An error occurred handling input of human player on turn 4 during MOVE phase:
java.lang.RuntimeException: Failed to respond properly 5 times in a row, ignoring input from now on.

THIS MEANS YOUR BOT IS MOST LIKELY NOT RUNNING OR YOU ARE NOT RETURNING PROPERLY!

		