---- OUTPUT (stdout) ----
		Connecting to server on port 9001...
Connected to server on port 9001
Health of 22 is 2
Health of 11 is 1
Health of 23 is 1
Health of 12 is 2
Health of 24 is 1
Health of 13 is 1
Health of 14 is 1
Health of 15 is 1
Health of 16 is 2
Health of 17 is 1
Health of 18 is 1
Health of 19 is 1
Health of 5 is 2
Health of 6 is 1
Health of 7 is 1
Health of 8 is 1
Health of 9 is 2
Health of 20 is 1
Health of 10 is 1
Health of 21 is 1
healing10
FOUND BUILDER
healing7
FOUND BUILDER
healing19
FOUND BUILDER
healing11
FOUND BUILDER
healing11
FOUND BUILDER
Health of 22 is 2
Health of 11 is 3
Health of 23 is 1
Health of 12 is 2
Health of 24 is 1
Health of 13 is 1
Health of 14 is 1
Health of 15 is 1
Health of 16 is 2
Health of 17 is 1
Health of 18 is 1
Health of 19 is 2
Health of 5 is 2
Health of 6 is 1
Health of 7 is 2
Health of 8 is 1
Health of 9 is 2
Health of 20 is 1
Health of 10 is 2
Health of 21 is 1
FOUND BUILDER
FOUND BUILDER
Health of 22 is 2
Health of 11 is 3
Health of 23 is 1
Health of 12 is 2
Health of 24 is 1
Health of 13 is 1
Health of 14 is 1
Health of 15 is 1
Health of 16 is 2
Health of 17 is 1
Health of 18 is 1
Health of 19 is 2
Health of 5 is 2
Health of 6 is 1
Health of 7 is 2
Health of 8 is 1
Health of 9 is 2
Health of 20 is 1
Health of 10 is 2
Health of 21 is 1
Health of 22 is 2
Health of 11 is 3
Health of 23 is 1
Health of 12 is 2
Health of 24 is 1
Health of 13 is 1
Health of 14 is 1
Health of 15 is 1
Health of 16 is 2
Health of 17 is 1
Health of 18 is 1
Health of 19 is 2
Health of 5 is 2
Health of 6 is 1
Health of 7 is 2
Health of 8 is 1
Health of 9 is 2
Health of 20 is 1
Health of 10 is 2
Health of 21 is 1
Health of 22 is 2
Health of 11 is 3
Health of 23 is 1
Health of 12 is 2
Health of 24 is 1
Health of 13 is 1
Health of 14 is 1
Health of 15 is 1
Health of 16 is 2
Health of 17 is 1
Health of 18 is 1
Health of 19 is 2
Health of 5 is 2
Health of 6 is 1
Health of 7 is 2
Health of 8 is 1
Health of 9 is 2
Health of 20 is 1
Health of 10 is 2
Health of 21 is 1
Health of 22 is 2
Health of 11 is 3
Health of 23 is 1
Health of 12 is 2
Health of 24 is 1
Health of 13 is 1
Health of 14 is 1
Health of 15 is 1
Health of 16 is 2
Health of 17 is 1
Health of 18 is 1
Health of 19 is 2
Health of 5 is 2
Health of 6 is 1
Health of 7 is 2
Health of 8 is 1
Health of 9 is 2
Health of 20 is 1
Health of 10 is 2
Health of 21 is 1
Health of 22 is 2
Health of 11 is 3
Health of 23 is 1
Health of 12 is 2
Health of 24 is 1
Health of 13 is 1
Health of 14 is 1
Health of 15 is 1
Health of 16 is 2
Health of 17 is 1
Health of 18 is 1
Health of 19 is 2
Health of 5 is 2
Health of 6 is 1
Health of 7 is 2
Health of 8 is 1
Health of 9 is 2
Health of 20 is 1
Health of 10 is 2
Health of 21 is 1
Health of 22 is 2
Health of 11 is 3
Health of 23 is 1
Health of 12 is 1
Health of 24 is 1
Health of 13 is 1
Health of 14 is 1
Health of 15 is 1
Health of 16 is 2
Health of 17 is 1
Health of 18 is 1
Health of 19 is 2
Health of 5 is 2
Health of 6 is 1
Health of 7 is 2
Health of 8 is 1
Health of 9 is 2
Health of 20 is 1
Health of 10 is 2
Health of 21 is 1
zombie was not stunned 16 0 22
zombie was not stunned 16 1 22
zombie was not stunned 16 2 22
zombie was not stunned 16 3 22
zombie was not stunned 16 4 22
shot at zombie3
healing12
FOUND BUILDER
healing22
FOUND BUILDER
healing12
FOUND BUILDER
healing22
healing5
Health of 11 is 3
Health of 23 is 1
Health of 12 is 3
Health of 24 is 1
Health of 13 is 1
Health of 14 is 1
Health of 15 is 1
Health of 16 is 2
Health of 17 is 1
Health of 18 is 1
Health of 19 is 2
Health of 5 is 3
Health of 6 is 1
Health of 7 is 2
Health of 8 is 1
Health of 9 is 2
Health of 20 is 1
Health of 10 is 2
Health of 21 is 1
zombie was not stunned 18 22 5
zombie was not stunned 18 0 5
zombie was not stunned 18 1 5
zombie was not stunned 18 2 5
zombie was not stunned 18 3 5
zombie was not stunned 18 4 5
shot at zombie3
FOUND BUILDER
FOUND BUILDER
FOUND BUILDER
Health of 11 is 3
Health of 23 is 1
Health of 12 is 3
Health of 24 is 1
Health of 13 is 1
Health of 14 is 1
Health of 15 is 1
Health of 16 is 2
Health of 17 is 1
Health of 18 is 1
Health of 19 is 2
Health of 6 is 1
Health of 7 is 2
Health of 8 is 1
Health of 9 is 2
Health of 20 is 1
Health of 10 is 2
Health of 21 is 1
FOUND BUILDER
FOUND BUILDER
Health of 11 is 3
Health of 23 is 1
Health of 12 is 1
Health of 24 is 1
Health of 13 is 1
Health of 14 is 1
Health of 15 is 1
Health of 17 is 1
Health of 18 is 1
Health of 19 is 2
Health of 6 is 1
Health of 7 is 2
Health of 8 is 1
Health of 9 is 2
Health of 20 is 1
Health of 10 is 2
Health of 21 is 1
zombie was not stunned 22 22 12
zombie was not stunned 22 16 12
zombie was not stunned 22 0 12
zombie was not stunned 22 1 12
zombie was not stunned 22 2 12
zombie was not stunned 22 4 12
zombie was not stunned 22 5 12
shot at zombie22
FOUND BUILDER
Health of 11 is 3
Health of 23 is 1
Health of 24 is 1
Health of 13 is 1
Health of 14 is 1
Health of 15 is 1
Health of 17 is 1
Health of 18 is 1
Health of 19 is 2
Health of 6 is 1
Health of 7 is 2
Health of 8 is 1
Health of 9 is 2
Health of 20 is 1
Health of 10 is 2
Health of 21 is 1
Health of 11 is 3
Health of 23 is 1
Health of 24 is 1
Health of 13 is 1
Health of 14 is 1
Health of 15 is 1
Health of 17 is 1
Health of 18 is 1
Health of 19 is 2
Health of 6 is 1
Health of 7 is 2
Health of 8 is 1
Health of 9 is 2
Health of 20 is 1
Health of 10 is 2
Health of 21 is 1
Health of 11 is 3
Health of 23 is 1
Health of 24 is 1
Health of 13 is 1
Health of 14 is 1
Health of 15 is 1
Health of 17 is 1
Health of 18 is 1
Health of 19 is 2
Health of 6 is 1
Health of 7 is 2
Health of 8 is 1
Health of 20 is 1
Health of 10 is 2
Health of 21 is 1
Health of 11 is 3
Health of 23 is 1
Health of 24 is 1
Health of 13 is 1
Health of 14 is 1
Health of 15 is 1
Health of 17 is 1
Health of 18 is 1
Health of 19 is 2
Health of 6 is 1
Health of 7 is 2
Health of 8 is 1
Health of 20 is 1
Health of 10 is 2
Health of 21 is 1
FOUND BUILDER
FOUND BUILDER
Health of 11 is 3
Health of 23 is 1
Health of 24 is 1
Health of 13 is 1
Health of 14 is 1
Health of 15 is 1
Health of 17 is 1
Health of 18 is 1
Health of 19 is 2
Health of 6 is 1
Health of 7 is 2
Health of 8 is 1
Health of 20 is 1
Health of 10 is 2
Health of 21 is 1
FOUND BUILDER
Health of 11 is 3
Health of 23 is 1
Health of 24 is 1
Health of 13 is 1
Health of 14 is 1
Health of 15 is 1
Health of 17 is 1
Health of 18 is 1
Health of 19 is 2
Health of 6 is 1
Health of 7 is 2
Health of 8 is 1
Health of 20 is 1
Health of 10 is 2
Health of 21 is 1
FOUND BUILDER
Health of 11 is 3
Health of 23 is 1
Health of 24 is 1
Health of 13 is 1
Health of 14 is 1
Health of 15 is 1
Health of 17 is 1
Health of 18 is 1
Health of 19 is 2
Health of 6 is 1
Health of 7 is 2
Health of 8 is 1
Health of 20 is 1
Health of 10 is 2
Health of 21 is 1
zombie was not stunned 36 22 15
shot at zombie22
zombie was stunned 36 22 19
zombie was stunned 36 22 8
zombie was stunned 36 22 21
FOUND BUILDER
Health of 11 is 3
Health of 23 is 1
Health of 24 is 1
Health of 13 is 1
Health of 14 is 1
Health of 15 is 1
Health of 17 is 1
Health of 18 is 1
Health of 19 is 2
Health of 6 is 1
Health of 7 is 2
Health of 8 is 1
Health of 20 is 1
Health of 10 is 2
Health of 21 is 1
Health of 11 is 3
Health of 23 is 1
Health of 24 is 1
Health of 13 is 1
Health of 14 is 1
Health of 15 is 1
Health of 17 is 1
Health of 18 is 1
Health of 19 is 2
Health of 6 is 1
Health of 7 is 2
Health of 8 is 1
Health of 20 is 1
Health of 10 is 2
Health of 21 is 1
Health of 11 is 3
Health of 23 is 1
Health of 24 is 1
Health of 13 is 1
Health of 14 is 1
Health of 15 is 1
Health of 17 is 1
Health of 18 is 1
Health of 19 is 2
Health of 6 is 1
Health of 7 is 2
Health of 8 is 1
Health of 20 is 1
Health of 10 is 2
Health of 21 is 1
Health of 11 is 3
Health of 23 is 1
Health of 24 is 1
Health of 13 is 1
Health of 14 is 1
Health of 15 is 1
Health of 17 is 1
Health of 18 is 1
Health of 19 is 2
Health of 6 is 1
Health of 7 is 2
Health of 8 is 1
Health of 20 is 1
Health of 10 is 2
Health of 21 is 1
zombie was not stunned 44 22 23
shot at zombie22
zombie was stunned 44 22 15
zombie was stunned 44 22 19
zombie was stunned 44 22 8
zombie was stunned 44 22 21
FOUND BUILDER
FOUND BUILDER
Health of 11 is 3
Health of 23 is 1
Health of 24 is 1
Health of 13 is 1
Health of 14 is 1
Health of 15 is 1
Health of 17 is 1
Health of 18 is 1
Health of 19 is 2
Health of 6 is 1
Health of 7 is 2
Health of 8 is 1
Health of 20 is 1
Health of 10 is 2
Health of 21 is 1
FOUND BUILDER
Health of 11 is 3
Health of 23 is 1
Health of 24 is 1
Health of 13 is 1
Health of 14 is 1
Health of 15 is 1
Health of 17 is 1
Health of 18 is 1
Health of 19 is 2
Health of 6 is 1
Health of 7 is 2
Health of 8 is 1
Health of 20 is 1
Health of 10 is 2
Health of 21 is 1
FOUND BUILDER
Health of 11 is 3
Health of 23 is 1
Health of 24 is 1
Health of 13 is 1
Health of 14 is 1
Health of 15 is 1
Health of 17 is 1
Health of 18 is 1
Health of 19 is 2
Health of 6 is 1
Health of 7 is 2
Health of 8 is 1
Health of 20 is 1
Health of 10 is 2
Health of 21 is 1
FOUND BUILDER
Health of 11 is 3
Health of 23 is 1
Health of 24 is 1
Health of 13 is 1
Health of 14 is 1
Health of 15 is 1
Health of 17 is 1
Health of 18 is 1
Health of 19 is 2
Health of 6 is 1
Health of 7 is 2
Health of 8 is 1
Health of 20 is 1
Health of 10 is 2
Health of 21 is 1
Health of 11 is 3
Health of 23 is 1
Health of 24 is 1
Health of 13 is 1
Health of 14 is 1
Health of 15 is 1
Health of 17 is 1
Health of 18 is 1
Health of 19 is 2
Health of 6 is 1
Health of 7 is 2
Health of 8 is 1
Health of 20 is 1
Health of 10 is 2
Health of 21 is 1
Health of 11 is 3
Health of 23 is 1
Health of 24 is 1
Health of 13 is 1
Health of 14 is 1
Health of 15 is 1
Health of 17 is 1
Health of 18 is 1
Health of 19 is 2
Health of 6 is 1
Health of 7 is 2
Health of 8 is 1
Health of 20 is 1
Health of 10 is 2
Health of 21 is 1
Health of 11 is 3
Health of 23 is 1
Health of 24 is 1
Health of 13 is 1
Health of 14 is 1
Health of 15 is 1
Health of 17 is 1
Health of 18 is 1
Health of 19 is 2
Health of 6 is 1
Health of 7 is 2
Health of 8 is 1
Health of 20 is 1
Health of 10 is 2
Health of 21 is 1
FOUND BUILDER
FOUND BUILDER
Health of 11 is 3
Health of 23 is 1
Health of 24 is 1
Health of 13 is 1
Health of 14 is 1
Health of 15 is 1
Health of 17 is 1
Health of 18 is 1
Health of 19 is 2
Health of 6 is 1
Health of 7 is 2
Health of 8 is 1
Health of 20 is 1
Health of 10 is 2
Health of 21 is 1
FOUND BUILDER
Health of 11 is 3
Health of 23 is 1
Health of 24 is 1
Health of 13 is 1
Health of 14 is 1
Health of 15 is 1
Health of 17 is 1
Health of 18 is 1
Health of 19 is 2
Health of 6 is 1
Health of 7 is 2
Health of 8 is 1
Health of 20 is 1
Health of 10 is 2
Health of 21 is 1
FOUND BUILDER
Health of 11 is 3
Health of 23 is 1
Health of 24 is 1
Health of 13 is 1
Health of 14 is 1
Health of 15 is 1
Health of 17 is 1
Health of 18 is 1
Health of 19 is 2
Health of 6 is 1
Health of 7 is 2
Health of 8 is 1
Health of 20 is 1
Health of 10 is 2
Health of 21 is 1
FOUND BUILDER
Health of 11 is 3
Health of 23 is 1
Health of 24 is 1
Health of 13 is 1
Health of 14 is 1
Health of 15 is 1
Health of 17 is 1
Health of 18 is 1
Health of 19 is 2
Health of 6 is 1
Health of 7 is 2
Health of 8 is 1
Health of 20 is 1
Health of 10 is 2
Health of 21 is 1
Health of 11 is 3
Health of 23 is 1
Health of 24 is 1
Health of 13 is 1
Health of 14 is 1
Health of 15 is 1
Health of 17 is 1
Health of 18 is 1
Health of 19 is 2
Health of 6 is 1
Health of 7 is 2
Health of 8 is 1
Health of 20 is 1
Health of 10 is 2
Health of 21 is 1
Health of 11 is 3
Health of 23 is 1
Health of 24 is 1
Health of 13 is 1
Health of 14 is 1
Health of 15 is 1
Health of 17 is 1
Health of 18 is 1
Health of 19 is 2
Health of 6 is 1
Health of 7 is 2
Health of 8 is 1
Health of 20 is 1
Health of 10 is 2
Health of 21 is 1
Health of 11 is 3
Health of 23 is 1
Health of 24 is 1
Health of 13 is 1
Health of 14 is 1
Health of 15 is 1
Health of 17 is 1
Health of 18 is 1
Health of 19 is 2
Health of 6 is 1
Health of 7 is 2
Health of 8 is 1
Health of 20 is 1
Health of 10 is 2
Health of 21 is 1
FOUND BUILDER
FOUND BUILDER
Health of 11 is 3
Health of 23 is 1
Health of 24 is 1
Health of 13 is 1
Health of 14 is 1
Health of 15 is 1
Health of 17 is 1
Health of 18 is 1
Health of 19 is 2
Health of 6 is 1
Health of 7 is 2
Health of 8 is 1
Health of 20 is 1
Health of 10 is 2
Health of 21 is 1
FOUND BUILDER
Health of 11 is 3
Health of 23 is 1
Health of 24 is 1
Health of 13 is 1
Health of 14 is 1
Health of 15 is 1
Health of 17 is 1
Health of 18 is 1
Health of 19 is 2
Health of 6 is 1
Health of 7 is 2
Health of 8 is 1
Health of 20 is 1
Health of 10 is 2
Health of 21 is 1
FOUND BUILDER
Health of 11 is 3
Health of 23 is 1
Health of 24 is 1
Health of 13 is 1
Health of 14 is 1
Health of 15 is 1
Health of 17 is 1
Health of 18 is 1
Health of 19 is 2
Health of 6 is 1
Health of 7 is 2
Health of 8 is 1
Health of 20 is 1
Health of 10 is 2
Health of 21 is 1
FOUND BUILDER
Health of 11 is 3
Health of 23 is 1
Health of 24 is 1
Health of 13 is 1
Health of 14 is 1
Health of 15 is 1
Health of 17 is 1
Health of 18 is 1
Health of 19 is 2
Health of 6 is 1
Health of 7 is 2
Health of 8 is 1
Health of 20 is 1
Health of 10 is 2
Health of 21 is 1
Health of 11 is 3
Health of 23 is 1
Health of 24 is 1
Health of 13 is 1
Health of 14 is 1
Health of 15 is 1
Health of 17 is 1
Health of 18 is 1
Health of 19 is 2
Health of 6 is 1
Health of 7 is 2
Health of 8 is 1
Health of 20 is 1
Health of 10 is 2
Health of 21 is 1
Health of 11 is 3
Health of 23 is 1
Health of 24 is 1
Health of 13 is 1
Health of 14 is 1
Health of 15 is 1
Health of 17 is 1
Health of 18 is 1
Health of 19 is 2
Health of 6 is 1
Health of 7 is 2
Health of 8 is 1
Health of 20 is 1
Health of 10 is 2
Health of 21 is 1
Health of 11 is 3
Health of 23 is 1
Health of 24 is 1
Health of 13 is 1
Health of 14 is 1
Health of 15 is 1
Health of 17 is 1
Health of 18 is 1
Health of 19 is 2
Health of 6 is 1
Health of 7 is 2
Health of 8 is 1
Health of 20 is 1
Health of 10 is 2
Health of 21 is 1
FOUND BUILDER
FOUND BUILDER
Health of 11 is 3
Health of 23 is 1
Health of 24 is 1
Health of 13 is 1
Health of 14 is 1
Health of 15 is 1
Health of 17 is 1
Health of 18 is 1
Health of 19 is 2
Health of 6 is 1
Health of 7 is 2
Health of 8 is 1
Health of 20 is 1
Health of 10 is 2
Health of 21 is 1
FOUND BUILDER
Health of 11 is 3
Health of 23 is 1
Health of 24 is 1
Health of 13 is 1
Health of 14 is 1
Health of 15 is 1
Health of 17 is 1
Health of 18 is 1
Health of 19 is 2
Health of 6 is 1
Health of 7 is 2
Health of 8 is 1
Health of 20 is 1
Health of 10 is 2
Health of 21 is 1
FOUND BUILDER
Health of 11 is 3
Health of 23 is 1
Health of 24 is 1
Health of 13 is 1
Health of 14 is 1
Health of 15 is 1
Health of 17 is 1
Health of 18 is 1
Health of 19 is 2
Health of 6 is 1
Health of 7 is 2
Health of 8 is 1
Health of 20 is 1
Health of 10 is 2
Health of 21 is 1
FOUND BUILDER
Health of 11 is 3
Health of 23 is 1
Health of 24 is 1
Health of 13 is 1
Health of 14 is 1
Health of 15 is 1
Health of 17 is 1
Health of 18 is 1
Health of 19 is 2
Health of 6 is 1
Health of 7 is 2
Health of 8 is 1
Health of 20 is 1
Health of 10 is 2
Health of 21 is 1
Health of 11 is 3
Health of 23 is 1
Health of 24 is 1
Health of 13 is 1
Health of 14 is 1
Health of 15 is 1
Health of 17 is 1
Health of 18 is 1
Health of 19 is 2
Health of 6 is 1
Health of 7 is 2
Health of 8 is 1
Health of 20 is 1
Health of 10 is 2
Health of 21 is 1
Health of 11 is 3
Health of 23 is 1
Health of 24 is 1
Health of 13 is 1
Health of 14 is 1
Health of 15 is 1
Health of 17 is 1
Health of 18 is 1
Health of 19 is 2
Health of 6 is 1
Health of 7 is 2
Health of 8 is 1
Health of 20 is 1
Health of 10 is 2
Health of 21 is 1
Health of 11 is 3
Health of 23 is 1
Health of 24 is 1
Health of 13 is 1
Health of 14 is 1
Health of 15 is 1
Health of 17 is 1
Health of 18 is 1
Health of 19 is 2
Health of 6 is 1
Health of 7 is 2
Health of 8 is 1
Health of 20 is 1
Health of 10 is 2
Health of 21 is 1
FOUND BUILDER
FOUND BUILDER
Health of 11 is 3
Health of 23 is 1
Health of 24 is 1
Health of 13 is 1
Health of 14 is 1
Health of 15 is 1
Health of 17 is 1
Health of 18 is 1
Health of 19 is 2
Health of 6 is 1
Health of 7 is 2
Health of 8 is 1
Health of 20 is 1
Health of 10 is 2
Health of 21 is 1
FOUND BUILDER
Health of 11 is 3
Health of 23 is 1
Health of 24 is 1
Health of 13 is 1
Health of 14 is 1
Health of 15 is 1
Health of 17 is 1
Health of 18 is 1
Health of 19 is 2
Health of 6 is 1
Health of 7 is 2
Health of 8 is 1
Health of 20 is 1
Health of 10 is 2
Health of 21 is 1
FOUND BUILDER
Health of 11 is 3
Health of 23 is 1
Health of 24 is 1
Health of 13 is 1
Health of 14 is 1
Health of 15 is 1
Health of 17 is 1
Health of 18 is 1
Health of 19 is 2
Health of 6 is 1
Health of 7 is 2
Health of 8 is 1
Health of 20 is 1
Health of 10 is 2
Health of 21 is 1
FOUND BUILDER
Health of 11 is 3
Health of 23 is 1
Health of 24 is 1
Health of 13 is 1
Health of 14 is 1
Health of 15 is 1
Health of 17 is 1
Health of 18 is 1
Health of 19 is 2
Health of 6 is 1
Health of 7 is 2
Health of 8 is 1
Health of 20 is 1
Health of 10 is 2
Health of 21 is 1
Health of 11 is 3
Health of 23 is 1
Health of 24 is 1
Health of 13 is 1
Health of 14 is 1
Health of 15 is 1
Health of 17 is 1
Health of 18 is 1
Health of 19 is 2
Health of 6 is 1
Health of 7 is 2
Health of 8 is 1
Health of 20 is 1
Health of 10 is 2
Health of 21 is 1
Health of 11 is 3
Health of 23 is 1
Health of 24 is 1
Health of 13 is 1
Health of 14 is 1
Health of 15 is 1
Health of 17 is 1
Health of 18 is 1
Health of 19 is 2
Health of 6 is 1
Health of 7 is 2
Health of 8 is 1
Health of 20 is 1
Health of 10 is 2
Health of 21 is 1
Health of 11 is 3
Health of 23 is 1
Health of 24 is 1
Health of 13 is 1
Health of 14 is 1
Health of 15 is 1
Health of 17 is 1
Health of 18 is 1
Health of 19 is 2
Health of 6 is 1
Health of 7 is 2
Health of 8 is 1
Health of 20 is 1
Health of 10 is 2
Health of 21 is 1
FOUND BUILDER
FOUND BUILDER
Health of 11 is 3
Health of 23 is 1
Health of 24 is 1
Health of 13 is 1
Health of 14 is 1
Health of 15 is 1
Health of 17 is 1
Health of 18 is 1
Health of 19 is 2
Health of 6 is 1
Health of 7 is 2
Health of 8 is 1
Health of 20 is 1
Health of 10 is 2
Health of 21 is 1
FOUND BUILDER
Health of 11 is 3
Health of 23 is 1
Health of 24 is 1
Health of 13 is 1
Health of 14 is 1
Health of 15 is 1
Health of 17 is 1
Health of 18 is 1
Health of 19 is 2
Health of 6 is 1
Health of 7 is 2
Health of 8 is 1
Health of 20 is 1
Health of 10 is 2
Health of 21 is 1
FOUND BUILDER
Health of 11 is 3
Health of 23 is 1
Health of 24 is 1
Health of 13 is 1
Health of 14 is 1
Health of 15 is 1
Health of 17 is 1
Health of 18 is 1
Health of 19 is 2
Health of 6 is 1
Health of 7 is 2
Health of 8 is 1
Health of 20 is 1
Health of 10 is 2
Health of 21 is 1
FOUND BUILDER
Health of 11 is 3
Health of 23 is 1
Health of 24 is 1
Health of 13 is 1
Health of 14 is 1
Health of 15 is 1
Health of 17 is 1
Health of 18 is 1
Health of 19 is 2
Health of 6 is 1
Health of 7 is 2
Health of 8 is 1
Health of 20 is 1
Health of 10 is 2
Health of 21 is 1
Health of 11 is 3
Health of 23 is 1
Health of 24 is 1
Health of 13 is 1
Health of 14 is 1
Health of 15 is 1
Health of 17 is 1
Health of 18 is 1
Health of 19 is 2
Health of 6 is 1
Health of 7 is 2
Health of 8 is 1
Health of 20 is 1
Health of 10 is 2
Health of 21 is 1
Health of 11 is 3
Health of 23 is 1
Health of 24 is 1
Health of 13 is 1
Health of 14 is 1
Health of 15 is 1
Health of 17 is 1
Health of 18 is 1
Health of 19 is 2
Health of 6 is 1
Health of 7 is 2
Health of 8 is 1
Health of 20 is 1
Health of 10 is 2
Health of 21 is 1
Health of 11 is 3
Health of 23 is 1
Health of 24 is 1
Health of 13 is 1
Health of 14 is 1
Health of 15 is 1
Health of 17 is 1
Health of 18 is 1
Health of 19 is 2
Health of 6 is 1
Health of 7 is 2
Health of 8 is 1
Health of 20 is 1
Health of 10 is 2
Health of 21 is 1
FOUND BUILDER
FOUND BUILDER
Health of 11 is 3
Health of 23 is 1
Health of 24 is 1
Health of 13 is 1
Health of 14 is 1
Health of 15 is 1
Health of 17 is 1
Health of 18 is 1
Health of 19 is 2
Health of 6 is 1
Health of 7 is 2
Health of 8 is 1
Health of 20 is 1
Health of 10 is 2
Health of 21 is 1
FOUND BUILDER
Health of 11 is 3
Health of 23 is 1
Health of 24 is 1
Health of 13 is 1
Health of 14 is 1
Health of 15 is 1
Health of 17 is 1
Health of 18 is 1
Health of 19 is 2
Health of 6 is 1
Health of 7 is 2
Health of 8 is 1
Health of 20 is 1
Health of 10 is 2
Health of 21 is 1
FOUND BUILDER
Health of 11 is 3
Health of 23 is 1
Health of 24 is 1
Health of 13 is 1
Health of 14 is 1
Health of 15 is 1
Health of 17 is 1
Health of 18 is 1
Health of 19 is 2
Health of 6 is 1
Health of 7 is 2
Health of 8 is 1
Health of 20 is 1
Health of 10 is 2
Health of 21 is 1
FOUND BUILDER
Health of 11 is 3
Health of 23 is 1
Health of 24 is 1
Health of 13 is 1
Health of 14 is 1
Health of 15 is 1
Health of 17 is 1
Health of 18 is 1
Health of 19 is 2
Health of 6 is 1
Health of 7 is 2
Health of 8 is 1
Health of 20 is 1
Health of 10 is 2
Health of 21 is 1
Health of 11 is 3
Health of 23 is 1
Health of 24 is 1
Health of 13 is 1
Health of 14 is 1
Health of 15 is 1
Health of 17 is 1
Health of 18 is 1
Health of 19 is 2
Health of 6 is 1
Health of 7 is 2
Health of 8 is 1
Health of 20 is 1
Health of 10 is 2
Health of 21 is 1
Health of 11 is 3
Health of 23 is 1
Health of 24 is 1
Health of 13 is 1
Health of 14 is 1
Health of 15 is 1
Health of 17 is 1
Health of 18 is 1
Health of 19 is 2
Health of 6 is 1
Health of 7 is 2
Health of 8 is 1
Health of 20 is 1
Health of 10 is 2
Health of 21 is 1
Health of 11 is 3
Health of 23 is 1
Health of 24 is 1
Health of 13 is 1
Health of 14 is 1
Health of 15 is 1
Health of 17 is 1
Health of 18 is 1
Health of 19 is 2
Health of 6 is 1
Health of 7 is 2
Health of 8 is 1
Health of 20 is 1
Health of 10 is 2
Health of 21 is 1
FOUND BUILDER
FOUND BUILDER
Health of 11 is 3
Health of 23 is 1
Health of 24 is 1
Health of 13 is 1
Health of 14 is 1
Health of 15 is 1
Health of 17 is 1
Health of 18 is 1
Health of 19 is 2
Health of 6 is 1
Health of 7 is 2
Health of 8 is 1
Health of 20 is 1
Health of 10 is 2
Health of 21 is 1
FOUND BUILDER
Health of 11 is 3
Health of 23 is 1
Health of 24 is 1
Health of 13 is 1
Health of 14 is 1
Health of 15 is 1
Health of 17 is 1
Health of 18 is 1
Health of 19 is 2
Health of 6 is 1
Health of 7 is 2
Health of 8 is 1
Health of 20 is 1
Health of 10 is 2
Health of 21 is 1
FOUND BUILDER
Health of 11 is 3
Health of 23 is 1
Health of 24 is 1
Health of 13 is 1
Health of 14 is 1
Health of 15 is 1
Health of 17 is 1
Health of 18 is 1
Health of 19 is 2
Health of 6 is 1
Health of 7 is 2
Health of 8 is 1
Health of 20 is 1
Health of 10 is 2
Health of 21 is 1
FOUND BUILDER
Health of 11 is 3
Health of 23 is 1
Health of 24 is 1
Health of 13 is 1
Health of 14 is 1
Health of 15 is 1
Health of 17 is 1
Health of 18 is 1
Health of 19 is 2
Health of 6 is 1
Health of 7 is 2
Health of 8 is 1
Health of 20 is 1
Health of 10 is 2
Health of 21 is 1
Health of 11 is 3
Health of 23 is 1
Health of 24 is 1
Health of 13 is 1
Health of 14 is 1
Health of 15 is 1
Health of 17 is 1
Health of 18 is 1
Health of 19 is 2
Health of 6 is 1
Health of 7 is 2
Health of 8 is 1
Health of 20 is 1
Health of 10 is 2
Health of 21 is 1
Health of 11 is 3
Health of 23 is 1
Health of 24 is 1
Health of 13 is 1
Health of 14 is 1
Health of 15 is 1
Health of 17 is 1
Health of 18 is 1
Health of 19 is 2
Health of 6 is 1
Health of 7 is 2
Health of 8 is 1
Health of 20 is 1
Health of 10 is 2
Health of 21 is 1
Health of 11 is 3
Health of 23 is 1
Health of 24 is 1
Health of 13 is 1
Health of 14 is 1
Health of 15 is 1
Health of 17 is 1
Health of 18 is 1
Health of 19 is 2
Health of 6 is 1
Health of 7 is 2
Health of 8 is 1
Health of 20 is 1
Health of 10 is 2
Health of 21 is 1
FOUND BUILDER
Health of 11 is 3
Health of 23 is 1
Health of 24 is 1
Health of 13 is 1
Health of 14 is 1
Health of 15 is 1
Health of 17 is 1
Health of 18 is 1
Health of 19 is 2
Health of 6 is 1
Health of 7 is 2
Health of 8 is 1
Health of 20 is 1
Health of 10 is 2
Health of 21 is 1
Health of 11 is 3
Health of 23 is 1
Health of 24 is 1
Health of 13 is 1
Health of 14 is 1
Health of 15 is 1
Health of 17 is 1
Health of 18 is 1
Health of 19 is 2
Health of 6 is 1
Health of 7 is 2
Health of 8 is 1
Health of 20 is 1
Health of 10 is 2
Health of 21 is 1
Health of 11 is 3
Health of 23 is 1
Health of 24 is 1
Health of 13 is 1
Health of 14 is 1
Health of 15 is 1
Health of 17 is 1
Health of 18 is 1
Health of 19 is 2
Health of 6 is 1
Health of 7 is 2
Health of 8 is 1
Health of 20 is 1
Health of 10 is 2
Health of 21 is 1
Health of 11 is 3
Health of 23 is 1
Health of 24 is 1
Health of 13 is 1
Health of 14 is 1
Health of 15 is 1
Health of 17 is 1
Health of 18 is 1
Health of 19 is 2
Health of 6 is 1
Health of 7 is 2
Health of 8 is 1
Health of 20 is 1
Health of 10 is 2
Health of 21 is 1
Health of 11 is 3
Health of 23 is 1
Health of 24 is 1
Health of 13 is 1
Health of 14 is 1
Health of 15 is 1
Health of 17 is 1
Health of 18 is 1
Health of 19 is 2
Health of 6 is 1
Health of 7 is 2
Health of 8 is 1
Health of 20 is 1
Health of 10 is 2
Health of 21 is 1
Health of 11 is 3
Health of 23 is 1
Health of 24 is 1
Health of 13 is 1
Health of 14 is 1
Health of 15 is 1
Health of 17 is 1
Health of 18 is 1
Health of 19 is 2
Health of 6 is 1
Health of 7 is 2
Health of 8 is 1
Health of 20 is 1
Health of 10 is 2
Health of 21 is 1
Health of 11 is 3
Health of 23 is 1
Health of 24 is 1
Health of 13 is 1
Health of 14 is 1
Health of 15 is 1
Health of 17 is 1
Health of 18 is 1
Health of 19 is 2
Health of 6 is 1
Health of 7 is 2
Health of 8 is 1
Health of 20 is 1
Health of 10 is 2
Health of 21 is 1
FOUND BUILDER
Health of 11 is 3
Health of 23 is 1
Health of 24 is 1
Health of 13 is 1
Health of 14 is 1
Health of 15 is 1
Health of 17 is 1
Health of 18 is 1
Health of 19 is 2
Health of 6 is 1
Health of 7 is 2
Health of 8 is 1
Health of 20 is 1
Health of 10 is 2
Health of 21 is 1
Health of 11 is 3
Health of 23 is 1
Health of 24 is 1
Health of 13 is 1
Health of 14 is 1
Health of 15 is 1
Health of 17 is 1
Health of 18 is 1
Health of 19 is 2
Health of 6 is 1
Health of 7 is 2
Health of 8 is 1
Health of 20 is 1
Health of 10 is 2
Health of 21 is 1
Health of 11 is 3
Health of 23 is 1
Health of 24 is 1
Health of 13 is 1
Health of 14 is 1
Health of 15 is 1
Health of 17 is 1
Health of 18 is 1
Health of 19 is 2
Health of 6 is 1
Health of 7 is 2
Health of 8 is 1
Health of 20 is 1
Health of 10 is 2
Health of 21 is 1
Health of 11 is 3
Health of 23 is 1
Health of 24 is 1
Health of 13 is 1
Health of 14 is 1
Health of 15 is 1
Health of 17 is 1
Health of 18 is 1
Health of 19 is 2
Health of 6 is 1
Health of 7 is 2
Health of 8 is 1
Health of 20 is 1
Health of 10 is 2
Health of 21 is 1
Health of 11 is 3
Health of 23 is 1
Health of 24 is 1
Health of 13 is 1
Health of 14 is 1
Health of 15 is 1
Health of 17 is 1
Health of 18 is 1
Health of 19 is 2
Health of 6 is 1
Health of 7 is 2
Health of 8 is 1
Health of 20 is 1
Health of 10 is 2
Health of 21 is 1
Health of 11 is 3
Health of 23 is 1
Health of 24 is 1
Health of 13 is 1
Health of 14 is 1
Health of 15 is 1
Health of 17 is 1
Health of 18 is 1
Health of 19 is 2
Health of 6 is 1
Health of 7 is 2
Health of 8 is 1
Health of 20 is 1
Health of 10 is 2
Health of 21 is 1
Health of 11 is 3
Health of 23 is 1
Health of 24 is 1
Health of 13 is 1
Health of 14 is 1
Health of 15 is 1
Health of 17 is 1
Health of 18 is 1
Health of 19 is 2
Health of 6 is 1
Health of 7 is 2
Health of 8 is 1
Health of 20 is 1
Health of 10 is 2
Health of 21 is 1
FOUND BUILDER
Health of 11 is 3
Health of 23 is 1
Health of 24 is 1
Health of 13 is 1
Health of 14 is 1
Health of 15 is 1
Health of 17 is 1
Health of 18 is 1
Health of 19 is 2
Health of 6 is 1
Health of 7 is 2
Health of 8 is 1
Health of 20 is 1
Health of 10 is 2
Health of 21 is 1
Health of 11 is 3
Health of 23 is 1
Health of 24 is 1
Health of 13 is 1
Health of 14 is 1
Health of 15 is 1
Health of 17 is 1
Health of 18 is 1
Health of 19 is 2
Health of 6 is 1
Health of 7 is 2
Health of 8 is 1
Health of 20 is 1
Health of 10 is 2
Health of 21 is 1
Health of 11 is 3
Health of 23 is 1
Health of 24 is 1
Health of 13 is 1
Health of 14 is 1
Health of 15 is 1
Health of 17 is 1
Health of 18 is 1
Health of 19 is 2
Health of 6 is 1
Health of 7 is 2
Health of 8 is 1
Health of 20 is 1
Health of 10 is 2
Health of 21 is 1
Health of 11 is 3
Health of 23 is 1
Health of 24 is 1
Health of 13 is 1
Health of 14 is 1
Health of 15 is 1
Health of 17 is 1
Health of 18 is 1
Health of 19 is 2
Health of 6 is 1
Health of 7 is 2
Health of 8 is 1
Health of 20 is 1
Health of 10 is 2
Health of 21 is 1
Health of 11 is 3
Health of 23 is 1
Health of 24 is 1
Health of 13 is 1
Health of 14 is 1
Health of 15 is 1
Health of 17 is 1
Health of 18 is 1
Health of 19 is 2
Health of 6 is 1
Health of 7 is 2
Health of 8 is 1
Health of 20 is 1
Health of 10 is 2
Health of 21 is 1
Health of 11 is 3
Health of 23 is 1
Health of 24 is 1
Health of 13 is 1
Health of 14 is 1
Health of 15 is 1
Health of 17 is 1
Health of 18 is 1
Health of 19 is 2
Health of 6 is 1
Health of 7 is 2
Health of 8 is 1
Health of 20 is 1
Health of 10 is 2
Health of 21 is 1
Health of 11 is 3
Health of 23 is 1
Health of 24 is 1
Health of 13 is 1
Health of 14 is 1
Health of 15 is 1
Health of 17 is 1
Health of 18 is 1
Health of 19 is 2
Health of 6 is 1
Health of 7 is 2
Health of 8 is 1
Health of 20 is 1
Health of 10 is 2
Health of 21 is 1
FOUND BUILDER
Health of 11 is 3
Health of 23 is 1
Health of 24 is 1
Health of 13 is 1
Health of 14 is 1
Health of 15 is 1
Health of 17 is 1
Health of 18 is 1
Health of 19 is 2
Health of 6 is 1
Health of 7 is 2
Health of 8 is 1
Health of 20 is 1
Health of 10 is 2
Health of 21 is 1

Your bot had no errors.

Finished game on turn 200 with 15 humans and 10 zombies.
Score: 275-25 (H-Z). You were the humans.

		---- ERRORS (stderr) ----
		
		