---- OUTPUT (stdout) ----
		Connecting to server on port 9001...
Connected to server on port 9001
Health of 22 is 2
Health of 11 is 1
Health of 23 is 1
Health of 12 is 2
Health of 24 is 1
Health of 13 is 1
Health of 14 is 1
Health of 15 is 1
Health of 16 is 2
Health of 17 is 1
Health of 18 is 1
Health of 19 is 1
Health of 5 is 2
Health of 6 is 1
Health of 7 is 1
Health of 8 is 1
Health of 9 is 2
Health of 20 is 1
Health of 10 is 1
Health of 21 is 1
healing10
FOUND BUILDER
healing7
FOUND BUILDER
healing19
FOUND BUILDER
healing11
FOUND BUILDER
healing11
FOUND BUILDER
Health of 22 is 2
Health of 11 is 3
Health of 23 is 1
Health of 12 is 2
Health of 24 is 1
Health of 13 is 1
Health of 14 is 1
Health of 15 is 1
Health of 16 is 2
Health of 17 is 1
Health of 18 is 1
Health of 19 is 2
Health of 5 is 2
Health of 6 is 1
Health of 7 is 2
Health of 8 is 1
Health of 9 is 2
Health of 20 is 1
Health of 10 is 2
Health of 21 is 1
FOUND BUILDER
FOUND BUILDER
Health of 22 is 2
Health of 11 is 3
Health of 23 is 1
Health of 12 is 2
Health of 24 is 1
Health of 13 is 1
Health of 14 is 1
Health of 15 is 1
Health of 16 is 2
Health of 17 is 1
Health of 18 is 1
Health of 19 is 2
Health of 5 is 2
Health of 6 is 1
Health of 7 is 2
Health of 8 is 1
Health of 9 is 2
Health of 20 is 1
Health of 10 is 2
Health of 21 is 1
Health of 22 is 2
Health of 11 is 3
Health of 23 is 1
Health of 12 is 2
Health of 24 is 1
Health of 13 is 1
Health of 14 is 1
Health of 15 is 1
Health of 16 is 2
Health of 17 is 1
Health of 18 is 1
Health of 19 is 2
Health of 5 is 2
Health of 6 is 1
Health of 7 is 2
Health of 8 is 1
Health of 9 is 2
Health of 20 is 1
Health of 10 is 2
Health of 21 is 1
Health of 22 is 2
Health of 11 is 3
Health of 23 is 1
Health of 12 is 2
Health of 24 is 1
Health of 13 is 1
Health of 14 is 1
Health of 15 is 1
Health of 16 is 2
Health of 17 is 1
Health of 18 is 1
Health of 19 is 2
Health of 5 is 2
Health of 6 is 1
Health of 7 is 2
Health of 8 is 1
Health of 9 is 2
Health of 20 is 1
Health of 10 is 2
Health of 21 is 1
Health of 22 is 2
Health of 11 is 3
Health of 23 is 1
Health of 12 is 2
Health of 24 is 1
Health of 13 is 1
Health of 14 is 1
Health of 15 is 1
Health of 16 is 2
Health of 17 is 1
Health of 18 is 1
Health of 19 is 2
Health of 5 is 2
Health of 6 is 1
Health of 7 is 2
Health of 8 is 1
Health of 9 is 2
Health of 20 is 1
Health of 10 is 2
Health of 21 is 1
Health of 22 is 2
Health of 11 is 3
Health of 23 is 1
Health of 12 is 2
Health of 24 is 1
Health of 13 is 1
Health of 14 is 1
Health of 15 is 1
Health of 16 is 2
Health of 17 is 1
Health of 18 is 1
Health of 19 is 2
Health of 5 is 2
Health of 6 is 1
Health of 7 is 2
Health of 8 is 1
Health of 9 is 2
Health of 20 is 1
Health of 10 is 2
Health of 21 is 1
Health of 22 is 2
Health of 11 is 3
Health of 23 is 1
Health of 12 is 2
Health of 24 is 1
Health of 13 is 1
Health of 14 is 1
Health of 15 is 1
Health of 16 is 2
Health of 17 is 1
Health of 18 is 1
Health of 19 is 2
Health of 5 is 2
Health of 6 is 1
Health of 7 is 2
Health of 8 is 1
Health of 9 is 2
Health of 20 is 1
Health of 10 is 2
Health of 21 is 1
healing9
FOUND BUILDER
healing16
FOUND BUILDER
healing12
FOUND BUILDER
healing12
healing22
Health of 22 is 3
Health of 11 is 3
Health of 23 is 1
Health of 12 is 4
Health of 24 is 1
Health of 13 is 1
Health of 14 is 1
Health of 15 is 1
Health of 16 is 3
Health of 17 is 1
Health of 18 is 1
Health of 19 is 2
Health of 5 is 2
Health of 6 is 1
Health of 7 is 2
Health of 8 is 1
Health of 9 is 3
Health of 20 is 1
Health of 10 is 2
Health of 21 is 1
FOUND BUILDER
FOUND BUILDER
FOUND BUILDER
Health of 22 is 3
Health of 11 is 3
Health of 23 is 1
Health of 12 is 4
Health of 24 is 1
Health of 13 is 1
Health of 14 is 1
Health of 15 is 1
Health of 16 is 3
Health of 17 is 1
Health of 18 is 1
Health of 19 is 2
Health of 5 is 2
Health of 6 is 1
Health of 7 is 2
Health of 8 is 1
Health of 9 is 3
Health of 20 is 1
Health of 10 is 2
Health of 21 is 1
FOUND BUILDER
Health of 22 is 3
Health of 11 is 3
Health of 23 is 1
Health of 12 is 4
Health of 24 is 1
Health of 13 is 1
Health of 14 is 1
Health of 15 is 1
Health of 16 is 3
Health of 17 is 1
Health of 18 is 1
Health of 19 is 2
Health of 5 is 2
Health of 6 is 1
Health of 7 is 2
Health of 8 is 1
Health of 9 is 3
Health of 20 is 1
Health of 10 is 2
Health of 21 is 1
zombie was not stunned 22 0 5
zombie was not stunned 22 1 5
zombie was not stunned 22 2 5
zombie was not stunned 22 4 5
shot at zombie0
Health of 22 is 3
Health of 11 is 3
Health of 23 is 1
Health of 12 is 4
Health of 24 is 1
Health of 13 is 1
Health of 14 is 1
Health of 15 is 1
Health of 16 is 3
Health of 17 is 1
Health of 18 is 1
Health of 19 is 2
Health of 6 is 1
Health of 7 is 2
Health of 8 is 1
Health of 9 is 3
Health of 20 is 1
Health of 10 is 2
Health of 21 is 1
zombie was not stunned 24 0 22
zombie was not stunned 24 1 22
zombie was not stunned 24 2 22
zombie was not stunned 24 3 22
zombie was not stunned 24 4 22
zombie was not stunned 24 5 22
shot at zombie1
zombie was not stunned 24 0 9
zombie was stunned 24 1 9
zombie was not stunned 24 2 9
zombie was not stunned 24 3 9
zombie was not stunned 24 4 9
zombie was not stunned 24 5 9
shot at zombie2
Health of 22 is 3
Health of 11 is 3
Health of 23 is 1
Health of 12 is 4
Health of 24 is 1
Health of 13 is 1
Health of 14 is 1
Health of 15 is 1
Health of 16 is 3
Health of 17 is 1
Health of 18 is 1
Health of 19 is 2
Health of 6 is 1
Health of 7 is 2
Health of 8 is 1
Health of 9 is 1
Health of 20 is 1
Health of 10 is 2
Health of 21 is 1
zombie was not stunned 26 0 12
zombie was not stunned 26 1 12
zombie was not stunned 26 2 12
zombie was not stunned 26 3 12
zombie was not stunned 26 4 12
zombie was not stunned 26 5 12
shot at zombie0
zombie was stunned 26 0 16
zombie was not stunned 26 1 16
zombie was not stunned 26 2 16
zombie was not stunned 26 3 16
zombie was not stunned 26 4 16
zombie was not stunned 26 5 16
shot at zombie1
Health of 22 is 3
Health of 11 is 3
Health of 23 is 1
Health of 12 is 3
Health of 24 is 1
Health of 13 is 1
Health of 14 is 1
Health of 15 is 1
Health of 16 is 3
Health of 17 is 1
Health of 18 is 1
Health of 19 is 2
Health of 6 is 1
Health of 7 is 2
Health of 8 is 1
Health of 20 is 1
Health of 10 is 2
Health of 21 is 1
Health of 22 is 3
Health of 11 is 3
Health of 23 is 1
Health of 12 is 2
Health of 24 is 1
Health of 13 is 1
Health of 14 is 1
Health of 15 is 1
Health of 17 is 1
Health of 18 is 1
Health of 19 is 2
Health of 6 is 1
Health of 7 is 2
Health of 8 is 1
Health of 20 is 1
Health of 10 is 2
Health of 21 is 1
healing12
FOUND BUILDER
healing22
FOUND BUILDER
Health of 11 is 3
Health of 23 is 1
Health of 24 is 1
Health of 13 is 1
Health of 14 is 1
Health of 15 is 1
Health of 17 is 1
Health of 18 is 1
Health of 19 is 2
Health of 6 is 1
Health of 7 is 2
Health of 8 is 1
Health of 20 is 1
Health of 10 is 2
Health of 21 is 1
FOUND BUILDER
FOUND BUILDER
FOUND BUILDER
Health of 11 is 3
Health of 23 is 1
Health of 24 is 1
Health of 13 is 1
Health of 14 is 1
Health of 15 is 1
Health of 17 is 1
Health of 18 is 1
Health of 19 is 2
Health of 6 is 1
Health of 7 is 2
Health of 8 is 1
Health of 20 is 1
Health of 10 is 2
Health of 21 is 1
FOUND BUILDER
FOUND BUILDER
FOUND BUILDER
Health of 11 is 3
Health of 23 is 1
Health of 24 is 1
Health of 13 is 1
Health of 14 is 1
Health of 15 is 1
Health of 17 is 1
Health of 18 is 1
Health of 19 is 2
Health of 6 is 1
Health of 7 is 2
Health of 8 is 1
Health of 20 is 1
Health of 10 is 2
Health of 21 is 1
FOUND BUILDER
FOUND BUILDER
Health of 11 is 3
Health of 23 is 1
Health of 24 is 1
Health of 13 is 1
Health of 14 is 1
Health of 15 is 1
Health of 17 is 1
Health of 18 is 1
Health of 19 is 2
Health of 6 is 1
Health of 7 is 2
Health of 8 is 1
Health of 20 is 1
Health of 10 is 2
Health of 21 is 1
FOUND BUILDER
Health of 11 is 3
Health of 23 is 1
Health of 24 is 1
Health of 13 is 1
Health of 14 is 1
Health of 15 is 1
Health of 17 is 1
Health of 18 is 1
Health of 19 is 2
Health of 6 is 1
Health of 7 is 2
Health of 8 is 1
Health of 20 is 1
Health of 10 is 2
Health of 21 is 1
Health of 11 is 3
Health of 24 is 1
Health of 13 is 1
Health of 14 is 1
Health of 15 is 1
Health of 17 is 1
Health of 18 is 1
Health of 19 is 2
Health of 6 is 1
Health of 7 is 2
Health of 8 is 1
Health of 20 is 1
Health of 10 is 2
Health of 21 is 1
Health of 11 is 3
Health of 24 is 1
Health of 13 is 1
Health of 14 is 1
Health of 15 is 1
Health of 17 is 1
Health of 18 is 1
Health of 19 is 2
Health of 6 is 1
Health of 7 is 2
Health of 8 is 1
Health of 20 is 1
Health of 10 is 2
Health of 21 is 1
FOUND BUILDER
Health of 11 is 3
Health of 24 is 1
Health of 13 is 1
Health of 14 is 1
Health of 15 is 1
Health of 17 is 1
Health of 18 is 1
Health of 19 is 2
Health of 6 is 1
Health of 7 is 2
Health of 8 is 1
Health of 20 is 1
Health of 10 is 2
Health of 21 is 1
FOUND BUILDER
Health of 11 is 3
Health of 24 is 1
Health of 13 is 1
Health of 14 is 1
Health of 15 is 1
Health of 17 is 1
Health of 18 is 1
Health of 19 is 2
Health of 6 is 1
Health of 7 is 2
Health of 8 is 1
Health of 20 is 1
Health of 10 is 2
Health of 21 is 1
FOUND BUILDER
Health of 11 is 3
Health of 24 is 1
Health of 13 is 1
Health of 14 is 1
Health of 15 is 1
Health of 17 is 1
Health of 18 is 1
Health of 19 is 2
Health of 6 is 1
Health of 7 is 2
Health of 8 is 1
Health of 20 is 1
Health of 10 is 2
Health of 21 is 1
FOUND BUILDER
Health of 11 is 3
Health of 24 is 1
Health of 13 is 1
Health of 14 is 1
Health of 15 is 1
Health of 17 is 1
Health of 18 is 1
Health of 19 is 2
Health of 6 is 1
Health of 7 is 2
Health of 8 is 1
Health of 20 is 1
Health of 10 is 2
Health of 21 is 1
FOUND BUILDER
Health of 11 is 3
Health of 24 is 1
Health of 13 is 1
Health of 14 is 1
Health of 15 is 1
Health of 17 is 1
Health of 18 is 1
Health of 19 is 2
Health of 6 is 1
Health of 7 is 2
Health of 8 is 1
Health of 20 is 1
Health of 10 is 2
Health of 21 is 1
Health of 11 is 3
Health of 24 is 1
Health of 13 is 1
Health of 14 is 1
Health of 15 is 1
Health of 17 is 1
Health of 18 is 1
Health of 19 is 2
Health of 6 is 1
Health of 7 is 2
Health of 8 is 1
Health of 20 is 1
Health of 10 is 2
Health of 21 is 1
Health of 11 is 3
Health of 24 is 1
Health of 13 is 1
Health of 14 is 1
Health of 15 is 1
Health of 17 is 1
Health of 18 is 1
Health of 19 is 2
Health of 6 is 1
Health of 7 is 2
Health of 8 is 1
Health of 20 is 1
Health of 10 is 2
Health of 21 is 1
FOUND BUILDER
Health of 11 is 3
Health of 24 is 1
Health of 13 is 1
Health of 14 is 1
Health of 15 is 1
Health of 17 is 1
Health of 18 is 1
Health of 19 is 2
Health of 6 is 1
Health of 7 is 2
Health of 8 is 1
Health of 20 is 1
Health of 10 is 2
Health of 21 is 1
FOUND BUILDER
Health of 11 is 3
Health of 24 is 1
Health of 13 is 1
Health of 14 is 1
Health of 15 is 1
Health of 17 is 1
Health of 18 is 1
Health of 19 is 2
Health of 6 is 1
Health of 7 is 2
Health of 8 is 1
Health of 20 is 1
Health of 10 is 2
Health of 21 is 1
FOUND BUILDER
Health of 11 is 3
Health of 24 is 1
Health of 13 is 1
Health of 14 is 1
Health of 15 is 1
Health of 17 is 1
Health of 18 is 1
Health of 19 is 2
Health of 6 is 1
Health of 7 is 2
Health of 8 is 1
Health of 20 is 1
Health of 10 is 2
Health of 21 is 1
FOUND BUILDER
Health of 11 is 3
Health of 24 is 1
Health of 13 is 1
Health of 14 is 1
Health of 15 is 1
Health of 18 is 1
Health of 19 is 2
Health of 6 is 1
Health of 7 is 2
Health of 8 is 1
Health of 20 is 1
Health of 10 is 2
Health of 21 is 1
zombie was not stunned 66 22 13
zombie was not stunned 66 23 13
zombie was not stunned 66 17 13
zombie was not stunned 66 1 13
shot at zombie23
zombie was not stunned 66 22 14
zombie was stunned 66 23 14
zombie was not stunned 66 17 14
zombie was not stunned 66 1 14
shot at zombie17
zombie was not stunned 66 22 18
zombie was stunned 66 23 18
zombie was stunned 66 17 18
zombie was not stunned 66 1 18
shot at zombie22
FOUND BUILDER
Health of 11 is 3
Health of 24 is 1
Health of 13 is 1
Health of 14 is 1
Health of 15 is 1
Health of 6 is 1
Health of 18 is 1
Health of 7 is 2
Health of 19 is 2
Health of 20 is 1
Health of 10 is 2
Health of 21 is 1
Health of 11 is 3
Health of 24 is 1
Health of 14 is 1
Health of 15 is 1
Health of 6 is 1
Health of 18 is 1
Health of 7 is 2
Health of 19 is 1
Health of 20 is 1
Health of 10 is 2
Health of 21 is 1
zombie was not stunned 70 13 11
zombie was not stunned 70 1 11
zombie was not stunned 70 8 11
shot at zombie13
zombie was stunned 70 13 15
zombie was not stunned 70 1 15
zombie was not stunned 70 8 15
shot at zombie1
zombie was stunned 70 13 19
zombie was stunned 70 1 19
zombie was not stunned 70 8 19
shot at zombie8
zombie was stunned 70 13 21
zombie was stunned 70 1 21
zombie was stunned 70 8 21
Health of 11 is 1
Health of 24 is 1
Health of 14 is 1
Health of 6 is 1
Health of 7 is 2
Health of 20 is 1
Health of 10 is 2
FOUND BUILDER
Health of 24 is 1
Health of 6 is 1
Health of 7 is 2
Health of 20 is 1
Health of 10 is 2
Health of 24 is 1
Health of 6 is 1
Health of 7 is 2
Health of 20 is 1
Health of 10 is 2
Health of 24 is 1
Health of 6 is 1
Health of 7 is 2
Health of 20 is 1
Health of 10 is 2
Health of 24 is 1
Health of 6 is 1
Health of 7 is 2
Health of 20 is 1
Health of 10 is 2
Health of 24 is 1
Health of 6 is 1
Health of 10 is 2
Health of 24 is 1
Health of 6 is 1
Health of 10 is 2
Health of 24 is 1
Health of 6 is 1
Health of 10 is 2
Health of 24 is 1
Health of 6 is 1
Health of 10 is 2
Health of 24 is 1
Health of 6 is 1
Health of 10 is 2
Health of 24 is 1
Health of 6 is 1
Health of 10 is 2
Health of 24 is 1
Health of 6 is 1
Health of 10 is 2
Health of 24 is 1
Health of 6 is 1
Health of 10 is 2
Health of 24 is 1
Health of 6 is 1
Health of 10 is 2
Health of 24 is 1
Health of 6 is 1
Health of 10 is 2
Health of 24 is 1
Health of 6 is 1
Health of 10 is 2
Health of 24 is 1
Health of 6 is 1
Health of 10 is 2
Health of 24 is 1
Health of 6 is 1
Health of 10 is 2
Health of 24 is 1
Health of 6 is 1
Health of 10 is 2
Health of 24 is 1
Health of 6 is 1
Health of 10 is 2
Health of 24 is 1
Health of 6 is 1
Health of 10 is 2
Health of 24 is 1
Health of 6 is 1
Health of 10 is 2
Health of 24 is 1
Health of 6 is 1
Health of 10 is 2
Health of 24 is 1
Health of 6 is 1
Health of 10 is 2
Health of 24 is 1
Health of 6 is 1
Health of 10 is 2
Health of 24 is 1
Health of 6 is 1
Health of 10 is 2
Health of 24 is 1
Health of 6 is 1
Health of 10 is 2
Health of 24 is 1
Health of 6 is 1
Health of 10 is 2
Health of 24 is 1
Health of 6 is 1
Health of 10 is 2
Health of 24 is 1
Health of 6 is 1
Health of 10 is 2
Health of 24 is 1
Health of 6 is 1
Health of 10 is 2
Health of 24 is 1
Health of 6 is 1
Health of 10 is 2
Health of 24 is 1
Health of 6 is 1
Health of 10 is 2
Health of 24 is 1
Health of 6 is 1
Health of 10 is 2
Health of 24 is 1
Health of 6 is 1
Health of 10 is 1
Health of 24 is 1
Health of 6 is 1
Health of 24 is 1
Health of 6 is 1
Health of 24 is 1
Health of 6 is 1
Health of 24 is 1
Health of 6 is 1
Health of 24 is 1
Health of 6 is 1
Health of 24 is 1
Health of 6 is 1
Health of 24 is 1
Health of 6 is 1
Health of 24 is 1
Health of 6 is 1
Health of 24 is 1
Health of 6 is 1
Health of 24 is 1
Health of 6 is 1
Health of 24 is 1
Health of 6 is 1

Your bot had no errors.

Finished game on turn 163 with 0 humans and 25 zombies.
Score: 163-137 (H-Z). You were the humans.

		---- ERRORS (stderr) ----
		
		