---- OUTPUT (stdout) ----
		Connecting to server on port 9002...
Connected to server on port 9002
50
48
53
48
50
48
50
48
48
48
47
50
47
50
47
50
47
50
47
50
44
51
44
51
44
51
44
51
44
51
41
51
41
51
41
51
41
51
41
51
39
52
39
52
39
52
41
52
39
52
41
55
39
55
39
55
41
55
39
55
38
57
38
57
38
57
38
57
38
57
39
59
37
59
37
59
39
59
37
59
36
61
36
61
36
61
36
61
36
61
36
64
41
64
41
64
41
64
41
64
37
66
40
68
40
68
40
68
40
68
34
68
40
71
40
71
40
71
40
71
33
70
35
71
35
71
35
71
35
71
30
71
33
72
33
72
33
72
33
72
35
72
30
72
30
72
30
72
30
72
29
74
29
74
29
74
29
74
29
74
27
75
27
75
27
75
27
75
27
75
26
77
26
77
26
77
26
77
26
77
24
78
24
78
24
78
24
78
24
78
23
80
23
80
23
80
23
80
23
80
17
79
23
83
23
83
23
83
23
83
19
82
17
82
17
82
17
82
17
82
19
85
17
85
17
85
17
85
17
85
19
88
14
88
14
88
14
88
14
88
19
89
14
89
14
89
14
89
14
89
19
92
14
89
14
89
14
89
14
89
19
95
9
89
9
89
9
89
9
89
16
97
6
89
6
89
6
89
6
89
14
98
3
89
3
89
3
89
3
89
14
99
2
91
2
91
2
91
2
91
9
99
2
94
2
94
2
94
2
94
6
99
7
97
7
97
7
97
7
97
3
98
3
98
3
98
3
98
3
98
3
98
8
98
8
98
8
98
8
98
3
98
3
98
3
98
3
98
3
98
8
98
8
98
8
98
8
98
8
98
3
98
3
98
3
98
3
98
3
98
8
98
8
98
8
98
8
98
8
98
3
98
3
98
3
98
3
98
3
98
8
98
8
98
8
98
8
98
8
98
3
98
3
98
3
98
3
98
3
98
8
98
8
98
8
98
8
98
8
98
3
98
3
98
3
98
3
98
3
98
8
98
8
98
8
98
8
98
8
98
3
98
3
98
3
98
3
98
3
98
8
98
8
98
8
98
8
98
8
98
3
98
3
98
3
98
3
98
3
98
8
98
8
98
8
98
8
98
8
98
3
98
3
98
3
98
3
98
3
98
8
98
8
98
8
98
8
98
8
98
3
98
3
98
3
98
3
98
3
98
8
98
8
98
8
98
8
98
8
98
3
98
3
98
3
98
3
98
3
98
8
98
8
98
8
98
8
98
8
98
3
98
3
98
3
98
3
98
3
98
8
98
8
98
8
98
8
98
8
98
3
98
3
98
3
98
3
98
3
98
8
98
8
98
8
98
8
98
8
98
3
98
3
98
3
98
3
98
3
98
8
98
8
98
8
98
8
98
8
98
3
98
3
98
3
98
3
98
3
98
8
98
8
98
8
98
8
98
8
98
3
98
3
98
3
98
3
98
3
98
8
98
8
98
8
98
8
98
8
98
3
98
3
98
3
98
3
98
3
98
8
98
8
98
8
98
8
98
8
98
3
98
3
98
3
98
3
98
3
98
8
98
8
98
8
98
8
98
8
98
3
98
3
98
3
98
3
98
3
98
8
98
8
98
8
98
8
98
8
98
3
98
3
98
3
98
3
98
3
98
8
98
8
98
8
98
8
98
8
98
3
98
3
98
3
98
3
98
3
98
8
98
8
98
8
98
8
98
8
98
3
98
3
98
3
98
3
98
3
98
8
98
8
98
8
98
8
98
8
98
3
98
3
98
3
98
3
98
3
98
8
98
8
98
8
98
8
98
8
98
3
98
3
98
3
98
3
98
3
98
8
98
8
98
8
98
8
98
8
98
3
98
3
98
3
98
3
98
3
98
8
98
8
98
8
98
8
98
8
98
3
98
3
98
3
98
3
98
3
98
8
98
8
98
8
98
8
98
8
98
3
98
3
98
3
98
3
98
3
98
8
98
8
98
8
98
8
98
8
98
3
98
3
98
3
98
3
98
3
98
8
98
8
98
8
98
8
98
8
98
3
98
3
98
3
98
3
98
3
98
8
98
8
98
8
98
8
98
8
98
3
98
3
98
3
98
3
98
3
98
8
98
8
98
8
98
8
98
8
98
3
98
3
98
3
98
3
98
3
98
8
98
8
98
8
98
8
98
8
98
3
98
3
98
3
98
3
98
3
98
8
98
8
98
8
98
8
98
8
98
3
98
3
98
3
98
3
98
3
98
8
98
8
98
8
98
8
98
8
98
3
98
3
98
3
98
3
98
3
98
8
98
8
98
8
98
8
98
8
98

Your bot had no errors.

Finished game on turn 200 with 20 humans and 5 zombies.
Score: 300-0 (H-Z). You were the zombies.

		---- ERRORS (stderr) ----
		
		