---- OUTPUT (stdout) ----
		Connecting to server on port 9001...
Connected to server on port 9001
2
0
0
-1
-1
0
2
-2
-1
1
1
0
0
0
1
0
-1
2
1
-2
-1
-3
-3
-4
-4
-3
-1
-5
-4
-2
-2
-3
-3
-3
-2
-3
-4
-1
-2
-5
-2
-4
-4
-5
-5
-4
-2
-6
-5
-3
-3
-4
-4
-4
-3
-4
-5
-2
-3
-5
-3
-4
-4
-5
-5
-4
-3
-5
-5
-3
-3
-4
-4
-4
-3
-4
-5
-3
-3
-5
-4
-5
-5
-6
-6
-5
-4
-6
-6
-4
-4
-5
-5
-5
-4
-5
-6
-4
-4
-6
-4
-8
-5
-6
-6
-5
-4
-6
-8
-4
-4
-5
-6
-5
-4
-5
-7
-4
-4
-7
-4
-12
-5
-6
-6
-5
-4
-6
-12
-4
-5
-7
-10
-5
-4
-5
-11
-4
-4
-11
-6
-14
-5
-7
-6
-5
-5
-7
-14
-5
-8
-10
-14
-6
-6
-8
-14
-4
-7
-14
-5
-10
-3
-6
-5
-4
-4
-6
-10
-4
-7
-9
-10
-5
-5
-7
-10
-3
-6
-10
-6
-8
-4
-7
-6
-5
-5
-7
-8
-5
-8
-8
-8
-6
-6
-8
-8
-4
-7
-8
-8
-8
-7
-8
-8
-8
-8
-8
-8
-8
-8
-8
-8
-8
-8
-8
-8
-7
-8
-8
-5
-5
-5
-5
-5
-5
-5
-5
-5
-5
-5
-5
-5
-5
-5
-5
-5
-5
-5
-5
-4
-4
-4
-4
-4
-4
-4
-4
-4
-4
-4
-4
-4
-4
-4
-4
-4
-4
-4
-4
-4
-2
-4
-4
-4
-4
-4
-4
-2
-4
-4
-4
-3
-4
-4
-4
-3
-4
-4
-3
-4
-1
-4
-4
-4
-4
-4
-4
-1
-4
-4
-4
-2
-4
-4
-4
-2
-4
-4
-2
-4
1
-4
-4
-4
-4
-4
-4
1
-4
-4
-4
0
-4
-4
-4
0
-4
-4
0
-4
3
-4
-4
-4
-4
-4
-4
3
-4
-4
-4
2
-4
-4
-4
2
-4
-4
2
-4
7
-4
-4
-4
-4
-4
-4
7
-4
-3
-3
5
-4
-4
-3
5
-4
-4
5
-3
11
-4
-3
-3
-3
-3
-3
11
-3
-2
-2
9
-3
-3
-2
9
-4
-3
9
-3
14
-4
-3
-3
-3
-3
-3
14
-3
-2
-2
12
-3
-3
-2
12
-4
-3
12
-2
18
-3
-2
-2
-2
-2
-2
18
-2
-1
-1
16
-2
-2
-1
16
-3
-2
16
0
23
-1
0
0
0
0
0
23
0
1
1
21
0
0
1
21
-1
0
21
2
27
0
2
2
2
2
2
27
2
3
3
25
2
2
3
25
0
2
25
3
31
2
3
3
3
3
3
31
3
5
5
29
3
3
5
29
2
3
29
1
28
-2
1
1
1
1
1
28
1
3
3
27
1
1
3
27
-2
1
27
-1
25
-7
-1
-1
-1
-1
-1
25
-1
1
1
24
-1
-1
1
24
-7
-1
24
-4
27
-7
-4
-4
-4
-4
-4
27
-4
4
4
26
-4
-4
4
26
-7
-4
26
-2
34
-2
-2
-2
-2
-2
-2
34
-2
12
12
33
-2
-2
12
33
-2
-2
33
3
41
3
3
3
3
3
3
41
3
20
20
40
3
3
20
40
3
3
40
1
38
1
1
1
1
1
1
38
1
18
18
37
1
1
18
37
1
1
37
-1
35
-1
-1
-1
-1
-1
-1
35
-1
16
16
34
-1
-1
16
34
-1
-1
34
-4
37
-4
-4
-4
-4
-4
-4
37
-4
19
19
36
-4
-4
19
36
-4
-4
36
-3
43
-3
-3
-3
-3
-3
-3
43
-3
26
26
42
-3
-3
26
42
-3
-3
42
2
50
2
2
2
2
2
2
50
2
32
32
49
2
2
32
49
2
2
49
1
48
1
1
1
1
1
1
48
1
29
29
47
1
1
29
47
1
1
47
0
45
0
0
0
0
0
0
45
0
26
26
45
0
0
26
45
0
0
45
-4
44
-4
-4
-4
-4
-4
-4
44
-4
26
26
44
-4
-4
26
44
-4
-4
44
-2
49
-2
-2
-2
-2
-2
-2
49
-2
32
32
49
-2
-2
32
49
-2
-2
49
1
52
1
1
1
1
1
1
52
1
36
36
52
1
1
36
52
1
1
52
0
48
0
0
0
0
0
0
48
0
33
33
48
0
0
33
48
0
0
48
-3
45
-3
-3
-3
-3
-3
-3
45
-3
31
31
45
-3
-3
31
45
-3
-3
45
-3
48
-3
-3
-3
-3
-3
-3
48
-3
35
35
48
-3
-3
35
48
-3
-3
48
-1
50
-1
-1
-1
-1
-1
-1
50
-1
38
38
50
-1
-1
38
50
-1
-1
50
0
51
0
0
0
0
0
0
51
0
40
40
51
0
0
40
51
0
0
51
1
49
1
1
1
1
1
1
49
1
40
40
49
1
1
40
49
1
1
49
0
45
0
0
0
0
0
45
0
37
37
45
0
0
37
45
0
0
45
0
45
0
0
0
0
0
45
0
39
39
45
0
39
45
0
0
45
0
45
0
0
0
0
0
45
0
40
40
45
0
40
45
0
0
45
45
0
0
0
0
0
45
0
42
42
45
0
42
45
0
45
45
0
0
0
0
0
45
43
43
45
0
43
45
0
45
45
0
0
45
45
45
45
45
45
45
45
45
45
45
45
45
45
45
40
40
40
40
40
40
40
40
39
39
39
39
39
39
39
39
38
38
38
38
38
38
38
38
34
34
34
34
34
34
34
34
31
31
31
31
31
31
31
31
29
29
29
29
29
29
29
29
29
29
29
29
29
29
29
29
28
28
28
28
28
28
28
28
24
24
24
24
24
24
24
24
21
21
21
21
21
21
21
21
16
16
16
16
16
16
16
16
13
13
13
13
13
13
13
13
9
9
9
9
9
9
9
9
6
6
6
6
6
6
6
6
4
4
4
4
4
4
4
4
4
4
4
4
4
4
4
4
4
4
4
4
4
4
4
4
4
4
4
4
4
4
4
4
4
4
4
4
4
4
4
4
4
4
4
4
4
4
4
4
4
4
4
4
4
4
4
4
4
4
4
4
4
4
4
4
4
4
4
4
4
4
4
4
4
4
4
4
4
4
4
4
4
4
4
4
4
4
4
4
0
0

Your bot had no errors.

Finished game on turn 157 with 0 humans and 25 zombies.
Score: 157-143 (H-Z). You were the humans.

		---- ERRORS (stderr) ----
		
		