---- OUTPUT (stdout) ----
		Error: Error: Command failed: java -jar /tmp/game#4#f39da593-497d-4ff5-ba2b-31467d63dae1-LdeR5y/team#SEND DUDES.jar serve 9001
Error: LinkageError occurred while loading main class mech.mania.starterpack.Starterpack
	java.lang.UnsupportedClassVersionError: mech/mania/starterpack/Starterpack has been compiled by a more recent version of the Java Runtime (class file version 63.0), this version of the Java Runtime only recognizes class file versions up to 61.0

		---- ERRORS (stderr) ----
		Error: Command failed: java -jar /tmp/game#4#f39da593-497d-4ff5-ba2b-31467d63dae1-LdeR5y/team#SEND DUDES.jar serve 9001
Error: LinkageError occurred while loading main class mech.mania.starterpack.Starterpack
	java.lang.UnsupportedClassVersionError: mech/mania/starterpack/Starterpack has been compiled by a more recent version of the Java Runtime (class file version 63.0), this version of the Java Runtime only recognizes class file versions up to 61.0

    at ChildProcess.exithandler (node:child_process:422:12)
    at ChildProcess.emit (node:events:514:28)
    at maybeClose (node:internal/child_process:1105:16)
    at ChildProcess._handle.onexit (node:internal/child_process:305:5) {
  code: 1,
  killed: false,
  signal: null,
  cmd: 'java -jar /tmp/game#4#f39da593-497d-4ff5-ba2b-31467d63dae1-LdeR5y/team#SEND DUDES.jar serve 9001',
  stdout: '',
  stderr: 'Error: LinkageError occurred while loading main class mech.mania.starterpack.Starterpack\n' +
    '\tjava.lang.UnsupportedClassVersionError: mech/mania/starterpack/Starterpack has been compiled by a more recent version of the Java Runtime (class file version 63.0), this version of the Java Runtime only recognizes class file versions up to 61.0\n'
}
		