---- OUTPUT (stdout) ----
		Connecting to server on port 9002...
Connected to server on port 9002
50
48
53
48
50
48
50
48
48
48
45
48
45
48
45
48
45
48
51
51
42
48
42
48
42
48
42
48
48
52
47
48
45
48
45
48
50
48
45
48
42
48
42
48
42
48
42
48
42
48
50
48
50
48
50
48
50
48
50
48
47
48
42
48
42
48
42
48
42
48
50
48
50
48
50
48
50
48
50
48
42
48
42
48
42
48
42
48
42
48
47
48
50
48
50
48
50
48
50
48
42
48
42
48
42
48
42
48
42
48
50
48
50
48
50
48
50
48
50
48
53
48
53
48
53
48
53
48
53
48
56
48
56
48
56
48
56
48
56
48
59
48
59
48
59
48
59
48
59
48
60
50
57
50
57
50
57
50
57
50
57
53
55
53
55
53
57
53
55
53
50
57
50
57
50
57
50
57
50
57
50
57
48
58
48
58
48
58
48
58
48
58
48
58
57
61
45
58
45
58
52
61
45
58
52
64
42
58
42
58
52
64
42
58
45
57
45
58
50
58
50
58
45
57
50
58
42
57
42
57
42
58
42
58
42
57
42
58
42
57
37
69
37
69
37
69
37
69
37
69
37
69
37
69
37
69
37
72
37
72
37
72
37
72
37
72
37
72
37
72
37
72
37
75
37
75
37
75
37
75
37
75
37
75
37
75
37
75
34
75
34
75
34
75
34
75
34
75
34
75
34
75
34
75
34
78
34
78
34
78
34
78
34
78
34
78
34
78
34
78
31
78
31
78
31
78
31
78
31
78
31
78
31
78
31
78
28
78
28
78
28
78
28
78
28
78
28
78
28
78
28
78
27
80
27
80
27
80
27
80
27
80
27
80
27
80
27
80
34
81
34
81
34
81
34
81
34
81
34
81
34
81
34
81
27
79
27
79
27
79
27
79
27
79
27
79
27
79
27
79
33
75
33
75
33
75
33
75
33
75
33
75
33
75
33
75
33
75
36
78
36
78
36
78
36
78
36
78
36
78
36
78
36
78
36
78
62
100
62
100
62
100
62
100
62
100
62
100
62
100
62
100
62
100
62
100
66
100
66
100
66
100
66
100
66
100
66
100
66
100
66
100
66
100
66
100
70
100
70
100
70
100
70
100
70
100
70
100
70
100
70
100
70
100
70
100
74
100
74
100
74
100
74
100
74
100
74
100
74
100
74
100
74
100
74
100
78
100
78
100
78
100
78
100
78
100
78
100
78
100
78
100
78
100
78
100
80
100
80
100
80
100
80
100
80
100
80
100
80
100
80
100
80
100
80
100
82
98
82
98
82
98
82
98
82
98
82
98
82
98
82
98
82
98
82
98
82
98
82
98
82
98
82
98
82
98
82
98
82
98
82
98
82
98
82
98
83
92
83
92
83
92
83
92
83
92
83
92
83
92
83
92
83
92
83
92
85
90
85
90
85
90
85
90
85
90
85
90
85
90
85
90
85
90
85
90
85
86
85
86
85
86
85
86
85
86
85
86
85
86
85
86
85
86
85
86
85
82
85
82
85
82
85
82
85
82
85
82
85
82
85
82
85
82
85
82
88
81
88
81
88
81
88
81
88
81
88
81
88
81
88
81
88
81
88
81
91
85
91
85
91
85
91
85
91
85
91
85
91
85
91
85
91
85
91
85
94
81
94
81
94
81
94
81
94
81
94
81
94
81
94
81
94
81
94
81
94
77
94
77
94
77
94
77
94
77
94
77
94
77
94
77
94
77
94
77
94
84
94
84
94
84
94
84
94
84
94
84
94
84
94
84
94
84
94
84
93
87
93
87
93
87
93
87
93
87
93
87
93
87
93
87
93
87
93
87
92
88
92
88
92
88
92
88
92
88
92
88
92
88
92
88
92
88
92
88
92
88
92
88
92
88
92
88
92
88
92
88
92
88
92
88
92
88
92
88
93
82
93
82
93
82
93
82
93
82
93
82
93
82
93
82
93
82
93
82
92
88
92
88
92
88
92
88
92
88
92
88
92
88
92
88
92
88
92
88
84
89
84
89
84
89
84
89
84
89
84
89
84
89
84
89
84
89
84
89
92
88
92
88
92
88
92
88
92
88
92
88
92
88
92
88
92
88
92
88
84
89
84
88
84
88
84
88
84
88
84
88
84
88
84
88
84
88
84
88
92
85
92
85
92
85
92
85
92
85
92
85
92
85
92
85
92
85
92
85
84
89
84
89
84
88
84
89
84
89
84
89
84
89
84
89
84
89
84
89
84
89
84
89
92
85
92
85
92
85
92
85
92
85
92
85
92
85
92
85
92
85
92
85
92
85
92
85
92
85
102
25
102
25
102
25
102
25
102
25
102
25
102
25
102
25
102
25
102
25
102
25
102
25
102
25
102
25
102
25
102
25
102
25
102
25
102
25
102
25
102
25
102
25
102
25
102
25
102
25
102
25
102
25
102
25
102
25
102
25
102
25
102
25
102
25
102
25
102
25
102
25
102
25
102
25
102
25
102
25
102
25
102
25
102
25
102
25
102
25
102
25
102
25
102
25
102
25
102
25
102
25
102
25
102
25
102
25
102
25
102
25
102
25
102
25
102
25
102
25
102
25
102
25
102
25
102
25
102
25
102
25
102
25
102
25
102
25
102
25
95
26
95
26
95
26
95
26
95
26
95
26
95
26
95
26
95
26
95
26
95
26
95
26
95
26
95
26
92
26
92
26
92
26
92
26
92
26
92
26
92
26
92
26
92
26
92
26
92
26
92
26
92
26
92
26
89
26
89
26
89
26
89
26
89
26
89
26
89
26
89
26
89
26
89
26
89
26
89
26
89
26
89
26
86
26
86
26
86
26
86
26
86
26
86
26
86
26
86
26
86
26
86
26
86
26
86
26
86
26
86
26
84
25
84
25
84
25
84
25
84
25
84
25
84
25
84
25
84
25
84
25
84
25
84
25
84
25
84
25
81
25
81
25
81
25
81
25
81
25
81
25
81
25
81
25
81
25
81
25
81
25
81
25
81
25
81
25
89
25
89
25
89
25
89
25
89
25
89
25
89
25
89
25
89
25
89
25
89
25
89
25
89
25
89
25
91
26
91
26
91
26
91
26
91
26
91
26
91
26
91
26
91
26
91
26
91
26
91
26
91
26
91
26
94
26
94
26
94
26
94
26
94
26
94
26
94
26
94
26
94
26
94
26
94
26
91
26
94
26
94
26
97
26
97
26
97
26
97
26
97
26
97
26
97
26
97
26
97
26
97
26
97
26
97
26
97
26
97
26
89
26
89
26
89
26
89
26
89
26
89
26
89
26
89
26
89
26
89
26
89
26
89
26
89
26
89
26
97
26
97
26
97
26
97
26
97
26
97
26
97
26
97
26
97
26
97
26
97
26
97
26
97
26
97
26
100
26
100
26
100
26
100
26
100
26
100
26
100
26
100
26
100
26
100
26
100
26
100
26
100
26
100
26
92
26
92
26
92
26
92
26
92
26
92
26
92
26
92
26
92
26
92
26
92
26
92
26
92
26
92
26
89
26
89
26
89
26
89
26
89
26
89
26
89
26
89
26
89
26
89
26
89
26
89
26
89
26
89
26
86
26
86
26
86
26
86
26
86
26
86
26
86
26
86
26
86
26
86
26
86
26
86
26
86
26
86
26
84
25
84
25
84
25
84
25
84
25
84
25
84
25
84
25
84
25
84
25
84
25
86
25
84
25
84
25
81
25
81
25
81
25
81
25
81
25
81
25
81
25
81
25
81
25
81
25
81
25
81
25
81
25
81
25
79
26
79
26
79
26
79
26
79
26
79
26
79
26
79
26
79
26
79
26
79
26
79
26
79
26
79
26
76
26
76
26
76
26
76
26
76
26
76
26
76
26
76
26
76
26
76
26
76
26
76
26
76
26
76
26
73
26
73
26
73
26
73
26
73
26
73
26
73
26
73
26
73
26
73
26
73
26
73
26
73
26
73
26
81
26
81
26
81
26
81
26
81
26
81
26
81
26
81
26
81
26
81
26
81
26
76
26
81
26
81
26
73
26
73
26
73
26
73
26
73
26
73
26
73
26
73
26
73
26
73
26
73
26
73
26
73
26
73
26
81
26
81
26
81
26
81
26
81
26
81
26
81
26
81
26
81
26
81
26
81
26
76
26
81
26
81
26
73
26
73
26
73
26
73
26
73
26
73
26
73
26
73
26
73
26
73
26
73
26
73
26
73
26
73
26
81
26
81
26
81
26
81
26
81
26
81
26
81
26
81
26
81
26
81
26
81
26
76
26
81
26
81
26
83
30
83
30
83
30
83
27
83
30
83
30
83
30
83
30
83
30
83
30
78
27
83
27
83
30
86
29
86
30
86
30
86
30
86
30
86
30
86
30
86
30
86
30
86
30
86
27
86
27
86
30
78
29
83
27
78
29
78
29
78
29
78
29
78
29
78
29
78
29
78
29
78
29
78
27
78
30
78
29
78
29
86
29
86
27
86
29
86
29
86
29
86
27
86
29
86
29
86
29
86
29
86
29
86
29
86
27
86
27
86
29
86
29
78
29
78
30
78
29
78
29
78
29
78
30
78
29
78
29
78
29
78
29
78
29
78
29
78
27
78
30
78
29
78
29
86
29
86
27
86
29
86
29
86
29
86
27
86
29
86
29
86
29
86
29
86
29
86
29
86
27
86
27
86
29
86
29

Your bot had no errors.

Finished game on turn 200 with 7 humans and 18 zombies.
Score: 235-65 (H-Z). You were the zombies.

		---- ERRORS (stderr) ----
		
		