---- OUTPUT (stdout) ----
		Connecting to server on port 9001...
Connected to server on port 9001
2
0
0
-1
-1
0
2
-2
-1
1
1
0
0
0
1
0
-1
2
1
-2
2
0
0
-1
-1
0
2
-2
-1
1
1
0
0
0
1
0
-1
2
1
-2
2
0
0
-1
-1
0
2
-2
-1
1
1
0
0
0
1
0
-1
2
1
-1
1
0
0
-1
-1
0
1
-1
-1
1
1
0
0
0
1
0
-1
3
1
-1
1
0
0
-1
-1
0
1
-1
-1
1
1
0
0
0
1
0
-1
1
1
-1
1
2
0
-1
-1
0
1
-1
-3
1
1
0
0
0
1
0
-2
1
1
-2
1
6
0
-1
-1
0
1
-1
-7
1
2
2
2
0
1
0
-6
1
1
-6
3
9
0
-1
0
0
2
-1
-8
2
5
5
6
0
3
2
-8
1
4
-8
1
4
2
-5
2
2
0
-5
-9
0
3
3
4
2
1
0
-9
2
2
-9
2
2
4
-9
4
4
1
-9
-10
1
2
2
2
4
2
1
-10
4
2
-10
0
0
7
-10
7
7
0
-10
-10
0
0
0
0
7
0
0
-10
7
0
-10
0
0
0
-8
0
0
0
-8
-8
0
0
0
0
0
0
0
-8
0
0
-8
0
0
0
-9
0
0
0
-9
-9
0
0
0
0
0
0
0
-9
0
0
-9
0
0
0
-12
0
0
0
-12
-10
0
0
0
0
0
0
0
-11
0
0
-11
0
0
0
-7
0
0
0
-7
-4
0
0
0
0
0
0
0
-5
0
0
-5
0
2
0
-6
0
0
0
-6
-1
0
0
0
0
0
0
0
-2
0
0
-2
0
6
0
-3
0
0
0
-3
-11
0
0
0
2
0
0
0
-12
0
0
-12
0
9
0
0
0
0
0
0
-11
0
0
0
5
0
0
0
-11
0
0
-11
0
13
0
-16
0
0
0
-16
-11
0
0
0
9
0
0
0
-11
0
0
-11
0
17
0
0
0
0
0
0
-12
0
-2
-2
13
0
0
0
-12
0
-1
-12
-2
20
0
2
0
-2
2
-14
-2
-5
-5
18
0
-2
-2
-14
-4
-14
0
13
-2
2
-2
0
2
1
0
-3
-3
11
-2
0
1
-2
1
0
11
0
1
0
0
1
1
0
-2
-2
9
0
0
1
-1
1
8
0
-3
0
0
-3
-3
0
-3
-3
6
0
0
-3
-3
-3
7
0
0
0
0
0
0
-3
-3
5
0
0
-3
0
4
0
0
0
0
2
-1
0
-1
-1
4
0
0
2
0
0
0
3
0
0
3

Your bot had no errors.

Finished game on turn 59 with 0 humans and 25 zombies.
Score: 59-241 (H-Z). You were the humans.

		---- ERRORS (stderr) ----
		
		