---- OUTPUT (stdout) ----
		Connecting to server on port 9001...
Connected to server on port 9001
2
0
0
-1
-1
0
2
-2
-1
1
1
0
0
0
1
0
-1
2
1
-2
-1
-3
-3
-4
-4
-3
-1
-5
-4
-2
-2
-3
-3
-3
-2
-3
-4
-1
-2
-5
-2
-4
-4
-5
-5
-4
-2
-6
-5
-3
-3
-4
-4
-4
-3
-4
-5
-2
-3
-5
-3
-4
-4
-5
-5
-4
-3
-5
-5
-3
-3
-4
-4
-4
-3
-4
-5
-3
-3
-5
-4
-5
-5
-6
-6
-5
-4
-6
-6
-4
-4
-5
-5
-5
-4
-5
-6
-4
-4
-6
-4
-8
-5
-6
-6
-5
-4
-6
-8
-4
-4
-5
-6
-5
-4
-5
-7
-4
-4
-7
-4
-12
-5
-6
-6
-5
-4
-6
-12
-4
-5
-7
-10
-5
-4
-5
-11
-4
-4
-11
-6
-14
-5
-7
-6
-5
-5
-7
-14
-5
-8
-10
-14
-6
-6
-8
-14
-4
-7
-14
-5
-10
-3
-6
-5
-4
-4
-6
-10
-4
-7
-9
-10
-5
-5
-7
-10
-3
-6
-10
-6
-8
-4
-7
-6
-5
-5
-7
-8
-5
-8
-8
-8
-6
-6
-8
-8
-4
-7
-8
-8
-8
-7
-8
-8
-8
-8
-8
-8
-8
-8
-8
-8
-8
-8
-8
-8
-7
-8
-8
-5
-5
-5
-5
-5
-5
-5
-5
-5
-5
-5
-5
-5
-5
-5
-5
-5
-5
-5
-5
-4
-4
-4
-4
-4
-4
-4
-4
-4
-4
-4
-4
-4
-4
-4
-4
-4
-4
-4
-4
-4
-2
-4
-4
-4
-4
-4
-4
-2
-4
-4
-4
-3
-4
-4
-4
-3
-4
-4
-3
-4
-1
-4
-4
-4
-4
-4
-4
-1
-4
-4
-4
-2
-4
-4
-4
-2
-4
-4
-2
-4
1
-4
-4
-4
-4
-4
-4
1
-4
-4
-4
0
-4
-4
-4
0
-4
-4
0
-4
3
-4
-4
-4
-4
-4
-4
3
-4
-4
-4
2
-4
-4
-4
2
-4
-4
2
-4
7
-4
-4
-4
-4
-4
-4
7
-4
-3
-3
5
-4
-4
-3
5
-4
-4
5
-3
11
-4
-3
-3
-3
-3
-3
11
-3
-2
-2
9
-3
-3
-2
9
-4
-3
9
-2
15
-3
-2
-2
-2
-2
-2
15
-2
-1
-1
13
-2
-2
-1
13
-3
-2
13
-1
19
-2
-1
-1
-1
-1
-1
19
-1
0
0
17
-1
-1
0
17
-2
-1
17
0
23
-1
0
0
0
0
0
23
0
2
2
21
0
0
2
21
-1
0
21
2
27
0
2
2
2
2
2
27
2
3
3
25
2
2
3
25
0
2
25
3
31
2
3
3
3
3
3
31
3
6
6
29
3
3
6
29
2
3
29
1
28
-2
1
1
1
1
1
28
1
4
4
27
1
1
4
27
-2
1
27
-1
25
-7
-1
-1
-1
-1
-1
25
-1
2
2
24
-1
-1
2
24
-7
-1
24
-4
27
-7
-4
-4
-4
-4
-4
27
-4
5
5
26
-4
-4
5
26
-7
-4
26
-2
34
-2
-2
-2
-2
-2
-2
34
-2
13
13
33
-2
-2
13
33
-2
-2
33
2
40
2
2
2
2
2
2
40
2
20
20
39
2
2
20
39
2
2
39
1
38
1
1
1
1
1
1
38
1
19
19
37
1
1
19
37
1
1
37
0
36
0
0
0
0
0
0
36
0
18
18
35
0
0
18
35
0
0
35
-4
37
-4
-4
-4
-4
-4
-4
37
-4
20
20
36
-4
-4
20
36
-4
-4
36
-4
42
-4
-4
-4
-4
-4
-4
42
-4
25
25
41
-4
-4
25
41
-4
-4
41
1
49
1
1
1
1
1
1
49
1
31
31
48
1
1
31
48
1
1
48
0
47
0
0
0
0
0
0
47
0
28
28
46
0
0
28
46
0
0
46
-3
45
-3
-3
-3
-3
-3
-3
45
-3
26
26
45
-3
-3
26
45
-3
-3
45
-3
48
-3
-3
-3
-3
-3
-3
48
-3
30
30
48
-3
-3
30
48
-3
-3
48
-1
50
-1
-1
-1
-1
-1
-1
50
-1
33
33
50
-1
-1
33
50
-1
-1
50
0
51
0
0
0
0
0
0
51
0
35
35
51
0
0
35
51
0
0
51
0
49
0
0
0
0
0
0
49
0
34
34
49
0
0
34
49
0
49
48
0
0
0
0
0
48
0
35
35
48
0
0
35
48
0
48
48
0
0
0
0
0
48
0
36
36
48
0
0
36
48
0
48
48
0
0
0
48
0
38
38
48
0
0
38
48
0
48
48
0
0
48
48
0
39
0
39
39
48
48
48
0
48
48
41
41
41
48
48
48
48
48
42
42
42
48
48
45
45
45
41
41
41
45
45
44
44
44
41
41
41
44
44
44
44
44
43
43
43
44
44
42
42
42
42
42
42
42
42
40
40
40
40
40
40
40
40
39
39
39
39
39
39
39
39
38
38
38
38
38
38
38
38
33
33
33
33
33
33
33
33
28
28
28
28
28
28
28
28
28
28
28
28
28
28
28
28
23
23
23
23
23
23
23
23
20
20
20
20
20
20
20
20
17
17
17
17
17
17
17
17
14
14
14
14
14
14
14
14
11
11
11
11
11
11
11
11
6
6
6
6
6
6
6
6
4
4
4
4
4
4
4
4
4
4
4
4
4
4
4
4
4
4
4
4
4
4
4
4
4
4
4
4
4
4
4
4
4
4
4
4
4
4
4
4
4
4
4
4
4
4
4
4
4
4
4
4
4
4
4
4
4
4
4
4
4
4
4
4
4
4
4
4
4
4
4
4
0
0

Your bot had no errors.

Finished game on turn 145 with 0 humans and 25 zombies.
Score: 145-155 (H-Z). You were the humans.

		---- ERRORS (stderr) ----
		
		