---- OUTPUT (stdout) ----
		Connecting to server on port 9001...
Connected to server on port 9001
Health of 22 is 2
Health of 11 is 1
Health of 23 is 1
Health of 12 is 2
Health of 24 is 1
Health of 13 is 1
Health of 14 is 1
Health of 15 is 1
Health of 16 is 2
Health of 17 is 1
Health of 18 is 1
Health of 19 is 1
Health of 5 is 2
Health of 6 is 1
Health of 7 is 1
Health of 8 is 1
Health of 9 is 2
Health of 20 is 1
Health of 10 is 1
Health of 21 is 1
healing10
FOUND BUILDER
healing7
FOUND BUILDER
healing19
FOUND BUILDER
healing11
FOUND BUILDER
healing11
FOUND BUILDER
Health of 22 is 2
Health of 11 is 3
Health of 23 is 1
Health of 12 is 2
Health of 24 is 1
Health of 13 is 1
Health of 14 is 1
Health of 15 is 1
Health of 16 is 2
Health of 17 is 1
Health of 18 is 1
Health of 19 is 2
Health of 5 is 2
Health of 6 is 1
Health of 7 is 2
Health of 8 is 1
Health of 9 is 2
Health of 20 is 1
Health of 10 is 2
Health of 21 is 1
FOUND BUILDER
FOUND BUILDER
Health of 22 is 2
Health of 11 is 3
Health of 23 is 1
Health of 12 is 2
Health of 24 is 1
Health of 13 is 1
Health of 14 is 1
Health of 15 is 1
Health of 16 is 2
Health of 17 is 1
Health of 18 is 1
Health of 19 is 2
Health of 5 is 2
Health of 6 is 1
Health of 7 is 2
Health of 8 is 1
Health of 9 is 2
Health of 20 is 1
Health of 10 is 2
Health of 21 is 1
Health of 22 is 2
Health of 11 is 3
Health of 23 is 1
Health of 12 is 2
Health of 24 is 1
Health of 13 is 1
Health of 14 is 1
Health of 15 is 1
Health of 16 is 2
Health of 17 is 1
Health of 18 is 1
Health of 19 is 2
Health of 5 is 2
Health of 6 is 1
Health of 7 is 2
Health of 8 is 1
Health of 9 is 2
Health of 20 is 1
Health of 10 is 2
Health of 21 is 1
Health of 22 is 2
Health of 11 is 3
Health of 23 is 1
Health of 12 is 2
Health of 24 is 1
Health of 13 is 1
Health of 14 is 1
Health of 15 is 1
Health of 16 is 2
Health of 17 is 1
Health of 18 is 1
Health of 19 is 2
Health of 5 is 2
Health of 6 is 1
Health of 7 is 2
Health of 8 is 1
Health of 9 is 2
Health of 20 is 1
Health of 10 is 2
Health of 21 is 1
Health of 22 is 2
Health of 11 is 3
Health of 23 is 1
Health of 12 is 2
Health of 24 is 1
Health of 13 is 1
Health of 14 is 1
Health of 15 is 1
Health of 16 is 2
Health of 17 is 1
Health of 18 is 1
Health of 19 is 2
Health of 5 is 2
Health of 6 is 1
Health of 7 is 2
Health of 8 is 1
Health of 9 is 2
Health of 20 is 1
Health of 10 is 2
Health of 21 is 1
Health of 22 is 2
Health of 11 is 3
Health of 23 is 1
Health of 12 is 2
Health of 24 is 1
Health of 13 is 1
Health of 14 is 1
Health of 15 is 1
Health of 16 is 2
Health of 17 is 1
Health of 18 is 1
Health of 19 is 2
Health of 5 is 2
Health of 6 is 1
Health of 7 is 2
Health of 8 is 1
Health of 9 is 2
Health of 20 is 1
Health of 10 is 2
Health of 21 is 1
Health of 22 is 2
Health of 11 is 3
Health of 23 is 1
Health of 12 is 1
Health of 24 is 1
Health of 13 is 1
Health of 14 is 1
Health of 15 is 1
Health of 16 is 2
Health of 17 is 1
Health of 18 is 1
Health of 19 is 2
Health of 5 is 2
Health of 6 is 1
Health of 7 is 2
Health of 8 is 1
Health of 9 is 2
Health of 20 is 1
Health of 10 is 2
Health of 21 is 1
healing9
FOUND BUILDER
healing16
FOUND BUILDER
healing12
FOUND BUILDER
healing9
healing22
Health of 22 is 3
Health of 11 is 3
Health of 23 is 1
Health of 24 is 1
Health of 13 is 1
Health of 14 is 1
Health of 15 is 1
Health of 17 is 1
Health of 18 is 1
Health of 19 is 2
Health of 5 is 2
Health of 6 is 1
Health of 7 is 2
Health of 8 is 1
Health of 9 is 4
Health of 20 is 1
Health of 10 is 2
Health of 21 is 1
zombie was not stunned 18 12 5
zombie was not stunned 18 16 5
zombie was not stunned 18 0 5
zombie was not stunned 18 1 5
zombie was not stunned 18 2 5
zombie was not stunned 18 3 5
zombie was not stunned 18 4 5
shot at zombie12
FOUND BUILDER
FOUND BUILDER
FOUND BUILDER
Health of 22 is 3
Health of 11 is 3
Health of 23 is 1
Health of 24 is 1
Health of 13 is 1
Health of 14 is 1
Health of 15 is 1
Health of 17 is 1
Health of 18 is 1
Health of 19 is 2
Health of 6 is 1
Health of 7 is 2
Health of 8 is 1
Health of 9 is 1
Health of 20 is 1
Health of 10 is 2
Health of 21 is 1
zombie was not stunned 20 12 22
zombie was not stunned 20 16 22
zombie was not stunned 20 0 22
zombie was not stunned 20 1 22
zombie was not stunned 20 2 22
zombie was not stunned 20 3 22
zombie was not stunned 20 4 22
zombie was not stunned 20 5 22
shot at zombie16
zombie was not stunned 20 12 9
zombie was stunned 20 16 9
zombie was not stunned 20 0 9
zombie was not stunned 20 1 9
zombie was not stunned 20 2 9
zombie was not stunned 20 3 9
zombie was not stunned 20 4 9
zombie was not stunned 20 5 9
shot at zombie12
FOUND BUILDER
FOUND BUILDER
Health of 11 is 3
Health of 23 is 1
Health of 24 is 1
Health of 13 is 1
Health of 14 is 1
Health of 15 is 1
Health of 17 is 1
Health of 18 is 1
Health of 19 is 2
Health of 6 is 1
Health of 7 is 2
Health of 8 is 1
Health of 9 is 1
Health of 20 is 1
Health of 10 is 2
Health of 21 is 1
FOUND BUILDER
Health of 11 is 3
Health of 23 is 1
Health of 24 is 1
Health of 13 is 1
Health of 14 is 1
Health of 15 is 1
Health of 17 is 1
Health of 18 is 1
Health of 19 is 2
Health of 6 is 1
Health of 7 is 2
Health of 8 is 1
Health of 20 is 1
Health of 10 is 2
Health of 21 is 1
Health of 11 is 3
Health of 23 is 1
Health of 24 is 1
Health of 13 is 1
Health of 14 is 1
Health of 15 is 1
Health of 17 is 1
Health of 18 is 1
Health of 19 is 2
Health of 6 is 1
Health of 7 is 2
Health of 8 is 1
Health of 20 is 1
Health of 10 is 2
Health of 21 is 1
Health of 11 is 3
Health of 23 is 1
Health of 24 is 1
Health of 13 is 1
Health of 14 is 1
Health of 15 is 1
Health of 17 is 1
Health of 18 is 1
Health of 19 is 2
Health of 6 is 1
Health of 7 is 2
Health of 8 is 1
Health of 20 is 1
Health of 10 is 2
Health of 21 is 1
Health of 11 is 3
Health of 23 is 1
Health of 24 is 1
Health of 13 is 1
Health of 14 is 1
Health of 15 is 1
Health of 17 is 1
Health of 18 is 1
Health of 19 is 2
Health of 6 is 1
Health of 7 is 2
Health of 8 is 1
Health of 20 is 1
Health of 10 is 2
Health of 21 is 1
FOUND BUILDER
FOUND BUILDER
Health of 11 is 3
Health of 23 is 1
Health of 24 is 1
Health of 13 is 1
Health of 14 is 1
Health of 17 is 1
Health of 18 is 1
Health of 19 is 2
Health of 6 is 1
Health of 7 is 2
Health of 8 is 1
Health of 20 is 1
Health of 10 is 2
Health of 21 is 1
FOUND BUILDER
Health of 11 is 3
Health of 24 is 1
Health of 13 is 1
Health of 14 is 1
Health of 17 is 1
Health of 6 is 1
Health of 18 is 1
Health of 7 is 2
Health of 20 is 1
Health of 10 is 2
Health of 11 is 3
Health of 24 is 1
Health of 13 is 1
Health of 14 is 1
Health of 17 is 1
Health of 6 is 1
Health of 18 is 1
Health of 7 is 2
Health of 20 is 1
Health of 10 is 2
Health of 11 is 3
Health of 24 is 1
Health of 13 is 1
Health of 14 is 1
Health of 17 is 1
Health of 6 is 1
Health of 18 is 1
Health of 7 is 2
Health of 20 is 1
Health of 10 is 2
Health of 11 is 3
Health of 24 is 1
Health of 13 is 1
Health of 14 is 1
Health of 17 is 1
Health of 6 is 1
Health of 18 is 1
Health of 7 is 2
Health of 20 is 1
Health of 10 is 2
Health of 11 is 3
Health of 24 is 1
Health of 13 is 1
Health of 14 is 1
Health of 17 is 1
Health of 6 is 1
Health of 18 is 1
Health of 7 is 2
Health of 20 is 1
Health of 10 is 2
Health of 11 is 3
Health of 24 is 1
Health of 13 is 1
Health of 14 is 1
Health of 17 is 1
Health of 6 is 1
Health of 18 is 1
Health of 7 is 2
Health of 20 is 1
Health of 10 is 2
FOUND BUILDER
Health of 11 is 3
Health of 24 is 1
Health of 13 is 1
Health of 14 is 1
Health of 17 is 1
Health of 6 is 1
Health of 18 is 1
Health of 7 is 2
Health of 20 is 1
Health of 10 is 2
Health of 11 is 3
Health of 24 is 1
Health of 13 is 1
Health of 14 is 1
Health of 17 is 1
Health of 6 is 1
Health of 18 is 1
Health of 7 is 2
Health of 20 is 1
Health of 10 is 2
Health of 11 is 3
Health of 24 is 1
Health of 13 is 1
Health of 14 is 1
Health of 17 is 1
Health of 6 is 1
Health of 18 is 1
Health of 7 is 2
Health of 20 is 1
Health of 10 is 2
Health of 11 is 3
Health of 24 is 1
Health of 13 is 1
Health of 14 is 1
Health of 17 is 1
Health of 6 is 1
Health of 18 is 1
Health of 7 is 2
Health of 20 is 1
Health of 10 is 2
Health of 11 is 3
Health of 24 is 1
Health of 13 is 1
Health of 14 is 1
Health of 17 is 1
Health of 6 is 1
Health of 18 is 1
Health of 7 is 2
Health of 20 is 1
Health of 10 is 2
Health of 11 is 3
Health of 24 is 1
Health of 13 is 1
Health of 14 is 1
Health of 17 is 1
Health of 6 is 1
Health of 18 is 1
Health of 7 is 2
Health of 20 is 1
Health of 10 is 2
Health of 11 is 3
Health of 24 is 1
Health of 13 is 1
Health of 14 is 1
Health of 17 is 1
Health of 6 is 1
Health of 18 is 1
Health of 7 is 2
Health of 20 is 1
Health of 10 is 2
FOUND BUILDER
Health of 11 is 3
Health of 24 is 1
Health of 13 is 1
Health of 14 is 1
Health of 17 is 1
Health of 6 is 1
Health of 18 is 1
Health of 7 is 2
Health of 20 is 1
Health of 10 is 2
Health of 11 is 3
Health of 24 is 1
Health of 13 is 1
Health of 14 is 1
Health of 17 is 1
Health of 6 is 1
Health of 18 is 1
Health of 7 is 2
Health of 20 is 1
Health of 10 is 2
Health of 24 is 1
Health of 13 is 1
Health of 6 is 1
Health of 7 is 2
Health of 20 is 1
Health of 24 is 1
Health of 13 is 1
Health of 6 is 1
Health of 7 is 2
Health of 20 is 1
Health of 24 is 1
Health of 13 is 1
Health of 6 is 1
Health of 7 is 2
Health of 20 is 1
Health of 24 is 1
Health of 13 is 1
Health of 6 is 1
Health of 7 is 2
Health of 20 is 1
Health of 24 is 1
Health of 13 is 1
Health of 6 is 1
Health of 7 is 2
Health of 20 is 1
Health of 24 is 1
Health of 13 is 1
Health of 6 is 1
Health of 7 is 2
Health of 20 is 1
Health of 24 is 1
Health of 13 is 1
Health of 6 is 1
Health of 7 is 2
Health of 20 is 1
Health of 24 is 1
Health of 13 is 1
Health of 6 is 1
Health of 7 is 2
Health of 20 is 1
Health of 24 is 1
Health of 13 is 1
Health of 6 is 1
Health of 7 is 2
Health of 20 is 1
Health of 24 is 1
Health of 13 is 1
Health of 6 is 1
Health of 7 is 2
Health of 20 is 1
Health of 24 is 1
Health of 13 is 1
Health of 6 is 1
Health of 7 is 2
Health of 20 is 1
Health of 24 is 1
Health of 13 is 1
Health of 6 is 1
Health of 7 is 2
Health of 20 is 1
Health of 24 is 1
Health of 13 is 1
Health of 6 is 1
Health of 7 is 2
Health of 20 is 1
Health of 24 is 1
Health of 13 is 1
Health of 6 is 1
Health of 7 is 2
Health of 20 is 1
Health of 24 is 1
Health of 13 is 1
Health of 6 is 1
Health of 7 is 2
Health of 20 is 1
Health of 24 is 1
Health of 13 is 1
Health of 6 is 1
Health of 7 is 2
Health of 20 is 1
Health of 24 is 1
Health of 13 is 1
Health of 6 is 1
Health of 7 is 2
Health of 20 is 1
Health of 24 is 1
Health of 13 is 1
Health of 6 is 1
Health of 7 is 2
Health of 20 is 1
Health of 24 is 1
Health of 13 is 1
Health of 6 is 1
Health of 7 is 2
Health of 20 is 1
Health of 24 is 1
Health of 13 is 1
Health of 6 is 1
Health of 7 is 2
Health of 20 is 1
Health of 24 is 1
Health of 13 is 1
Health of 6 is 1
Health of 7 is 2
Health of 20 is 1
Health of 24 is 1
Health of 13 is 1
Health of 6 is 1
Health of 7 is 2
Health of 20 is 1
Health of 24 is 1
Health of 13 is 1
Health of 6 is 1
Health of 7 is 2
Health of 20 is 1
Health of 24 is 1
Health of 13 is 1
Health of 6 is 1
Health of 7 is 2
Health of 20 is 1
Health of 24 is 1
Health of 13 is 1
Health of 6 is 1
Health of 7 is 2
Health of 20 is 1
Health of 24 is 1
Health of 6 is 1
Health of 24 is 1
Health of 6 is 1
Health of 24 is 1
Health of 6 is 1
Health of 24 is 1
Health of 6 is 1
Health of 24 is 1
Health of 6 is 1
Health of 24 is 1
Health of 6 is 1
Health of 24 is 1
Health of 6 is 1
Health of 24 is 1
Health of 6 is 1
Health of 24 is 1
Health of 6 is 1
Health of 24 is 1
Health of 6 is 1
Health of 24 is 1
Health of 6 is 1
Health of 24 is 1
Health of 6 is 1
Health of 24 is 1
Health of 6 is 1
Health of 24 is 1
Health of 6 is 1
Health of 24 is 1
Health of 6 is 1
Health of 24 is 1
Health of 6 is 1
Health of 24 is 1
Health of 6 is 1
Health of 24 is 1
Health of 6 is 1
Health of 24 is 1
Health of 6 is 1
Health of 24 is 1
Health of 6 is 1
Health of 24 is 1
Health of 6 is 1
Health of 24 is 1
Health of 6 is 1
Health of 24 is 1
Health of 6 is 1
zombie was not stunned 158 22 24
zombie was not stunned 158 23 24
zombie was not stunned 158 10 24
zombie was not stunned 158 11 24
zombie was not stunned 158 12 24
zombie was not stunned 158 13 24
zombie was not stunned 158 14 24
zombie was not stunned 158 15 24
zombie was not stunned 158 16 24
zombie was not stunned 158 17 24
zombie was not stunned 158 18 24
zombie was not stunned 158 19 24
zombie was not stunned 158 0 24
zombie was not stunned 158 1 24
zombie was not stunned 158 2 24
zombie was not stunned 158 3 24
zombie was not stunned 158 4 24
zombie was not stunned 158 5 24
zombie was not stunned 158 7 24
zombie was not stunned 158 8 24
zombie was not stunned 158 9 24
zombie was not stunned 158 20 24
zombie was not stunned 158 21 24
shot at zombie22

Your bot had no errors.

Finished game on turn 159 with 0 humans and 25 zombies.
Score: 159-141 (H-Z). You were the humans.

		---- ERRORS (stderr) ----
		
		