---- OUTPUT (stdout) ----
		Connecting to server on port 9002...
Connected to server on port 9002
50
48
53
48
50
48
50
48
48
48
45
48
45
48
45
48
45
48
51
51
42
48
42
48
42
48
42
48
48
52
47
48
45
48
45
48
50
48
45
48
42
48
42
48
42
48
42
48
42
48
50
48
50
48
50
48
50
48
50
48
47
48
42
48
42
48
42
48
42
48
50
48
50
48
50
48
50
48
50
48
42
48
42
48
42
48
42
48
42
48
47
48
50
48
50
48
50
48
50
48
42
48
42
48
42
48
42
48
42
48
50
48
50
48
50
48
50
48
50
48
53
48
53
48
53
48
53
48
53
48
56
48
56
48
56
48
56
48
56
48
59
48
59
48
59
48
59
48
59
48
60
50
57
50
57
50
57
50
57
50
57
53
55
53
55
53
57
53
55
53
50
57
50
57
50
57
50
57
50
57
50
57
48
58
48
58
48
58
48
58
48
58
48
58
57
61
45
58
45
58
52
61
45
58
52
64
42
58
42
58
52
64
42
58
45
57
45
58
50
58
50
58
45
57
50
58
42
57
42
57
42
58
42
58
42
57
42
58
42
57
37
69
37
69
37
69
37
69
37
69
37
69
37
69
37
69
37
72
37
72
37
72
37
72
37
72
37
72
37
72
37
72
43
74
43
74
43
74
43
74
43
74
43
74
43
74
43
74
40
77
40
77
40
77
40
77
40
77
40
77
40
77
40
77
44
79
44
79
44
79
44
79
44
79
44
79
44
79
44
79
37
80
37
80
37
80
37
80
37
80
37
80
37
80
37
80
37
83
37
83
37
83
37
83
37
83
37
83
37
83
37
83
43
85
43
85
43
85
43
85
43
85
43
85
43
85
43
85
46
85
46
85
46
84
46
85
46
85
46
85
46
85
46
85
46
85
54
98
54
98
54
98
54
98
54
98
54
98
54
98
54
98
54
98
54
98
58
98
58
98
58
98
58
98
58
98
58
98
58
98
58
98
58
98
58
98
62
98
62
98
62
98
62
98
62
98
62
98
62
98
62
98
62
98
62
98
64
100
64
100
64
100
64
100
64
100
64
100
64
100
64
100
64
100
64
100
68
100
68
100
68
100
68
100
68
100
68
100
68
100
68
100
68
100
68
100
72
100
72
100
72
100
72
100
72
100
72
100
72
100
72
100
72
100
72
100
76
100
76
100
76
100
76
100
76
100
76
100
76
100
76
100
76
100
76
100
80
100
80
100
80
100
80
100
80
100
80
100
80
99
80
100
80
100
80
100
82
95
82
95
82
95
82
95
82
95
82
95
82
95
82
95
82
95
82
95
83
92
83
92
83
92
83
92
83
92
83
92
83
92
83
92
83
92
83
92
85
90
85
90
85
90
85
90
85
90
85
90
85
92
85
90
85
90
85
90
85
95
85
95
85
95
85
95
85
95
85
95
85
95
85
95
85
95
85
95
76
95
76
95
76
95
76
95
76
95
78
92
76
95
76
95
76
95
73
96
73
96
73
96
73
96
73
96
73
96
73
96
73
96
73
96
73
96
78
89
75
89
75
89
73
89
75
89
75
89
75
89
78
89
75
89
75
89
75
89
75
89
100
77
100
77
100
77
100
77
100
77
100
77
100
77
100
77
100
77
100
77
100
77
100
77
100
77
101
74
101
74
101
74
101
74
101
74
101
74
101
74
101
74
101
74
101
74
101
74
101
74
101
74
102
71
102
71
102
71
102
71
102
71
102
71
102
71
102
71
102
71
102
71
102
71
102
71
102
71
102
67
102
67
102
67
102
67
102
67
102
67
102
67
102
67
102
67
102
67
102
67
102
67
102
67
102
63
102
63
102
63
102
63
102
63
102
63
102
63
102
63
102
63
102
63
102
63
102
63
102
63
102
59
102
59
102
59
102
59
102
59
102
59
102
59
102
59
102
59
102
59
102
59
102
59
102
59
102
55
102
55
102
55
102
55
102
55
102
55
102
55
102
55
102
55
102
55
102
55
102
55
102
55
102
51
102
51
102
51
102
51
102
51
102
51
102
51
102
51
102
51
102
51
102
51
102
51
102
51
101
48
96
48
101
48
101
48
96
48
96
48
96
48
96
48
96
48
96
48
96
48
101
48
96
48
95
45
100
45
100
45
100
45
100
45
100
45
100
45
100
45
100
45
100
45
100
45
95
45
100
45
101
42
96
42
101
42
101
42
96
42
96
42
96
42
96
42
96
42
96
42
96
42
101
42
96
42
102
39
102
39
99
39
102
39
102
39
102
39
102
39
102
39
102
39
102
39
102
39
102
39
102
39
97
37
97
37
95
37
100
37
97
37
97
37
97
37
97
37
97
37
97
37
97
37
97
37
97
37
97
33
97
33
95
33
100
33
97
33
97
33
97
33
97
33
97
33
97
33
97
33
97
33
97
33
94
30
94
30
94
30
99
30
94
30
94
30
94
30
94
30
94
30
94
30
94
30
94
30
94
30
93
27
93
27
93
27
93
27
93
27
93
27
93
27
93
27
93
27
93
27
93
27
93
27
93
27
89
27
89
27
89
27
89
27
89
27
89
27
89
27
89
27
89
27
89
27
89
27
89
27
89
27
86
26
86
26
86
26
86
26
86
26
86
26
86
26
86
26
86
26
86
26
86
26
86
26
86
26
82
26
82
26
82
26
82
26
82
26
82
26
82
26
82
26
82
26
82
26
82
26
82
26
82
26
81
23
81
23
81
23
86
23
81
23
81
23
81
23
81
23
81
23
81
23
81
23
81
23
81
23
87
20
84
20
87
20
82
20
84
20
84
20
84
20
84
20
84
20
84
20
84
20
87
20
84
20
79
19
79
19
79
19
79
19
79
19
79
19
79
19
79
19
79
19
79
19
79
19
79
19
79
19
88
19
88
19
88
19
88
19
88
19
88
19
88
19
88
19
88
19
88
19
88
19
88
19
88
19
79
19
79
19
79
19
79
19
79
19
79
19
79
19
79
19
79
19
79
19
79
19
79
19
79
19
88
19
88
19
88
19
88
19
88
19
88
19
88
19
88
19
88
19
88
19
88
19
88
19
88
19
79
19
79
19
79
19
79
19
79
19
79
19
79
19
79
19
79
19
79
19
79
19
79
19
79
19
88
19
88
19
88
19
88
19
88
19
88
19
88
19
88
19
88
19
88
19
88
19
88
19
88
19
61
6
61
6
61
6
61
6
61
6
61
6
61
6
61
6
61
6
61
6
61
6
61
6
61
6
61
6
59
5
59
5
59
5
59
5
59
5
59
5
59
5
59
5
59
5
59
5
59
5
59
5
59
5
59
5
56
5
56
5
56
5
56
5
56
5
56
5
56
5
56
5
56
5
56
5
56
5
56
5
56
5
56
5
54
4
54
4
54
4
54
4
54
4
54
4
54
4
54
4
54
4
54
4
54
4
54
4
54
4
54
4
52
3
52
3
52
3
52
3
52
3
52
3
52
3
52
3
52
3
52
3
52
3
52
3
52
3
52
3
50
2
50
2
50
2
50
2
50
2
50
2
50
2
50
2
50
2
50
2
50
2
50
2
50
2
50
2
49
7
49
7
49
7
49
4
49
7
49
7
49
7
49
7
49
7
49
7
49
7
49
7
49
7
49
7
46
4
46
4
46
4
46
4
46
4
46
4
46
4
46
4
46
4
46
4
46
4
46
4
46
4
46
4
45
9
45
9
45
9
45
6
45
9
45
9
45
9
45
9
45
9
45
9
45
9
45
9
45
9
45
9
45
12
45
12
45
12
45
9
45
12
45
12
45
12
45
12
45
12
45
12
45
12
45
12
45
12
45
12
45
6
45
6
45
6
45
6
45
6
45
6
45
6
45
6
45
6
45
6
45
6
45
6
45
6
45
6
45
12
45
12
45
12
45
9
45
12
45
12
45
12
45
12
45
12
45
12
45
12
45
12
45
12
45
12
45
6
45
6
45
6
45
6
45
6
45
6
45
6
45
6
45
6
45
6
45
6
45
6
45
6
45
6
48
9
48
9
48
9
53
6
48
9
48
9
48
9
48
9
48
9
48
9
48
9
48
9
48
9
48
9
45
8
45
8
45
8
45
6
45
8
45
8
45
8
45
8
45
8
45
8
45
8
45
8
45
8
45
8
45
12
45
12
45
12
50
9
45
12
45
12
45
12
45
12
45
12
45
12
45
12
45
12
45
12
45
12
45
6
45
6
45
6
45
6
45
6
45
6
45
6
45
6
45
6
45
6
45
6
45
6
45
6
45
6
48
6
48
6
48
6
53
6
48
6
48
6
48
6
48
6
48
6
48
6
48
6
48
6
48
6
48
6
45
8
45
8
45
8
45
6
45
8
45
8
45
8
45
8
45
8
45
8
45
8
45
8
45
8
45
8
45
12
45
12
45
12
50
9
45
12
45
12
45
12
45
12
45
12
45
12
45
12
45
12
45
12
45
12
42
12
42
12
42
12
42
9
42
12
42
12
42
12
42
12
42
12
42
12
42
12
42
12
42
12
42
12
40
13
40
13
40
10
40
13
40
13
40
13
40
13
40
13
40
13
40
13
40
13
40
13
40
13
40
7
40
7
40
7
40
7
40
7
40
7
40
7
40
7
40
7
40
7
40
7
40
7
45
4
40
4
45
4
45
4
45
4
45
4
45
4
45
4
45
4
45
4
45
4
45
4
45
4
38
3
38
3
38
3
38
3
38
3
38
3
38
3
38
3
38
3
38
3
38
3
38
3
38
3
38
3
35
6
35
3
35
3
35
3
35
3
35
3
35
3
35
3
35
3
35
3
35
3
35
3
35
3

Your bot had no errors.

Finished game on turn 200 with 11 humans and 14 zombies.
Score: 255-45 (H-Z). You were the zombies.

		---- ERRORS (stderr) ----
		
		